2024-11-14 04:19:42,461 - root - INFO - Namespace(seed=2019, data_name='amazon-book', data_dir='/home/ubuntu/Documents/Graph-Neural-Networks-Fall-2023/W14/datasets', use_pretrain=1, pretrain_embedding_dir='/home/ubuntu/Documents/Graph-Neural-Networks-Fall-2023/W14/datasets/pretrain', pretrain_model_path='trained_model/model.pth', cf_batch_size=1024, kg_batch_size=2048, test_batch_size=10000, embed_dim=64, relation_dim=64, laplacian_type='random-walk', aggregation_type='bi-interaction', conv_dim_list='[64, 32, 16]', mess_dropout='[0.1, 0.1, 0.1]', kg_l2loss_lambda=1e-05, cf_l2loss_lambda=1e-05, lr=0.0001, n_epoch=1000, stopping_steps=10, cf_print_every=1, kg_print_every=1, evaluate_every=10, Ks='[20, 40, 60, 80, 100]', save_dir='trained_model/KGAT/amazon-book/embed-dim64_relation-dim64_random-walk_bi-interaction_64-32-16_lr0.0001_pretrain1/')
2024-11-14 04:21:42,809 - root - INFO - n_users:           70679
2024-11-14 04:21:42,809 - root - INFO - n_items:           24915
2024-11-14 04:21:42,810 - root - INFO - n_entities:        113487
2024-11-14 04:21:42,810 - root - INFO - n_users_entities:  184166
2024-11-14 04:21:42,810 - root - INFO - n_relations:       80
2024-11-14 04:21:42,811 - root - INFO - n_h_list:          6420520
2024-11-14 04:21:42,811 - root - INFO - n_t_list:          6420520
2024-11-14 04:21:42,811 - root - INFO - n_r_list:          6420520
2024-11-14 04:21:42,812 - root - INFO - n_cf_train:        652514
2024-11-14 04:21:42,812 - root - INFO - n_cf_test:         193920
2024-11-14 04:21:42,812 - root - INFO - n_kg_train:        6420520
2024-11-14 04:21:47,307 - root - INFO - KGAT(
  (user_entity_embed): Embedding(184166, 64)
  (relation_embed): Embedding(80, 64)
  (entity_user_embed): Embedding(184166, 64)
  (aggregator_layers): ModuleList(
    (0): Aggregator(
      (message_dropout): Dropout(p=0.1, inplace=False)
      (activation): LeakyReLU(negative_slope=0.01)
      (linear1): Linear(in_features=64, out_features=64, bias=True)
      (linear2): Linear(in_features=64, out_features=64, bias=True)
    )
    (1): Aggregator(
      (message_dropout): Dropout(p=0.1, inplace=False)
      (activation): LeakyReLU(negative_slope=0.01)
      (linear1): Linear(in_features=64, out_features=32, bias=True)
      (linear2): Linear(in_features=64, out_features=32, bias=True)
    )
    (2): Aggregator(
      (message_dropout): Dropout(p=0.1, inplace=False)
      (activation): LeakyReLU(negative_slope=0.01)
      (linear1): Linear(in_features=32, out_features=16, bias=True)
      (linear2): Linear(in_features=32, out_features=16, bias=True)
    )
  )
)
2024-11-14 04:21:47,556 - root - INFO - CF Training: Epoch 0001 Iter 0001 / 0638 | Time 0.2s | Iter Loss 0.0287 | Iter Mean Loss 0.0287
2024-11-14 04:21:47,780 - root - INFO - CF Training: Epoch 0001 Iter 0002 / 0638 | Time 0.2s | Iter Loss 0.0225 | Iter Mean Loss 0.0256
2024-11-14 04:21:48,003 - root - INFO - CF Training: Epoch 0001 Iter 0003 / 0638 | Time 0.2s | Iter Loss 0.0250 | Iter Mean Loss 0.0254
2024-11-14 04:21:48,225 - root - INFO - CF Training: Epoch 0001 Iter 0004 / 0638 | Time 0.2s | Iter Loss 0.0220 | Iter Mean Loss 0.0246
2024-11-14 04:21:48,445 - root - INFO - CF Training: Epoch 0001 Iter 0005 / 0638 | Time 0.2s | Iter Loss 0.0248 | Iter Mean Loss 0.0246
2024-11-14 04:21:48,665 - root - INFO - CF Training: Epoch 0001 Iter 0006 / 0638 | Time 0.2s | Iter Loss 0.0241 | Iter Mean Loss 0.0245
2024-11-14 04:21:48,884 - root - INFO - CF Training: Epoch 0001 Iter 0007 / 0638 | Time 0.2s | Iter Loss 0.0227 | Iter Mean Loss 0.0243
2024-11-14 04:21:49,105 - root - INFO - CF Training: Epoch 0001 Iter 0008 / 0638 | Time 0.2s | Iter Loss 0.0231 | Iter Mean Loss 0.0241
2024-11-14 04:21:49,326 - root - INFO - CF Training: Epoch 0001 Iter 0009 / 0638 | Time 0.2s | Iter Loss 0.0234 | Iter Mean Loss 0.0240
2024-11-14 04:21:49,547 - root - INFO - CF Training: Epoch 0001 Iter 0010 / 0638 | Time 0.2s | Iter Loss 0.0224 | Iter Mean Loss 0.0239
2024-11-14 04:21:49,769 - root - INFO - CF Training: Epoch 0001 Iter 0011 / 0638 | Time 0.2s | Iter Loss 0.0262 | Iter Mean Loss 0.0241
2024-11-14 04:21:49,990 - root - INFO - CF Training: Epoch 0001 Iter 0012 / 0638 | Time 0.2s | Iter Loss 0.0233 | Iter Mean Loss 0.0240
2024-11-14 04:21:50,211 - root - INFO - CF Training: Epoch 0001 Iter 0013 / 0638 | Time 0.2s | Iter Loss 0.0270 | Iter Mean Loss 0.0242
2024-11-14 04:21:50,431 - root - INFO - CF Training: Epoch 0001 Iter 0014 / 0638 | Time 0.2s | Iter Loss 0.0232 | Iter Mean Loss 0.0242
2024-11-14 04:21:50,652 - root - INFO - CF Training: Epoch 0001 Iter 0015 / 0638 | Time 0.2s | Iter Loss 0.0276 | Iter Mean Loss 0.0244
2024-11-14 04:21:50,875 - root - INFO - CF Training: Epoch 0001 Iter 0016 / 0638 | Time 0.2s | Iter Loss 0.0251 | Iter Mean Loss 0.0244
2024-11-14 04:21:51,097 - root - INFO - CF Training: Epoch 0001 Iter 0017 / 0638 | Time 0.2s | Iter Loss 0.0278 | Iter Mean Loss 0.0246
2024-11-14 04:21:51,319 - root - INFO - CF Training: Epoch 0001 Iter 0018 / 0638 | Time 0.2s | Iter Loss 0.0255 | Iter Mean Loss 0.0247
2024-11-14 04:21:51,540 - root - INFO - CF Training: Epoch 0001 Iter 0019 / 0638 | Time 0.2s | Iter Loss 0.0289 | Iter Mean Loss 0.0249
2024-11-14 04:21:51,761 - root - INFO - CF Training: Epoch 0001 Iter 0020 / 0638 | Time 0.2s | Iter Loss 0.0252 | Iter Mean Loss 0.0249
2024-11-14 04:21:51,982 - root - INFO - CF Training: Epoch 0001 Iter 0021 / 0638 | Time 0.2s | Iter Loss 0.0250 | Iter Mean Loss 0.0249
2024-11-14 04:21:52,203 - root - INFO - CF Training: Epoch 0001 Iter 0022 / 0638 | Time 0.2s | Iter Loss 0.0292 | Iter Mean Loss 0.0251
2024-11-14 04:21:52,425 - root - INFO - CF Training: Epoch 0001 Iter 0023 / 0638 | Time 0.2s | Iter Loss 0.0237 | Iter Mean Loss 0.0251
2024-11-14 04:21:52,645 - root - INFO - CF Training: Epoch 0001 Iter 0024 / 0638 | Time 0.2s | Iter Loss 0.0230 | Iter Mean Loss 0.0250
2024-11-14 04:21:52,867 - root - INFO - CF Training: Epoch 0001 Iter 0025 / 0638 | Time 0.2s | Iter Loss 0.0251 | Iter Mean Loss 0.0250
2024-11-14 04:21:53,088 - root - INFO - CF Training: Epoch 0001 Iter 0026 / 0638 | Time 0.2s | Iter Loss 0.0226 | Iter Mean Loss 0.0249
2024-11-14 04:21:53,309 - root - INFO - CF Training: Epoch 0001 Iter 0027 / 0638 | Time 0.2s | Iter Loss 0.0231 | Iter Mean Loss 0.0248
2024-11-14 04:21:53,531 - root - INFO - CF Training: Epoch 0001 Iter 0028 / 0638 | Time 0.2s | Iter Loss 0.0245 | Iter Mean Loss 0.0248
2024-11-14 04:21:53,753 - root - INFO - CF Training: Epoch 0001 Iter 0029 / 0638 | Time 0.2s | Iter Loss 0.0274 | Iter Mean Loss 0.0249
2024-11-14 04:21:53,975 - root - INFO - CF Training: Epoch 0001 Iter 0030 / 0638 | Time 0.2s | Iter Loss 0.0266 | Iter Mean Loss 0.0250
2024-11-14 04:21:54,196 - root - INFO - CF Training: Epoch 0001 Iter 0031 / 0638 | Time 0.2s | Iter Loss 0.0274 | Iter Mean Loss 0.0250
2024-11-14 04:21:54,417 - root - INFO - CF Training: Epoch 0001 Iter 0032 / 0638 | Time 0.2s | Iter Loss 0.0216 | Iter Mean Loss 0.0249
2024-11-14 04:21:54,637 - root - INFO - CF Training: Epoch 0001 Iter 0033 / 0638 | Time 0.2s | Iter Loss 0.0313 | Iter Mean Loss 0.0251
2024-11-14 04:21:54,858 - root - INFO - CF Training: Epoch 0001 Iter 0034 / 0638 | Time 0.2s | Iter Loss 0.0270 | Iter Mean Loss 0.0252
2024-11-14 04:21:55,080 - root - INFO - CF Training: Epoch 0001 Iter 0035 / 0638 | Time 0.2s | Iter Loss 0.0234 | Iter Mean Loss 0.0251
2024-11-14 04:21:55,301 - root - INFO - CF Training: Epoch 0001 Iter 0036 / 0638 | Time 0.2s | Iter Loss 0.0228 | Iter Mean Loss 0.0251
2024-11-14 04:21:55,524 - root - INFO - CF Training: Epoch 0001 Iter 0037 / 0638 | Time 0.2s | Iter Loss 0.0229 | Iter Mean Loss 0.0250
2024-11-14 04:21:55,746 - root - INFO - CF Training: Epoch 0001 Iter 0038 / 0638 | Time 0.2s | Iter Loss 0.0255 | Iter Mean Loss 0.0250
2024-11-14 04:21:55,968 - root - INFO - CF Training: Epoch 0001 Iter 0039 / 0638 | Time 0.2s | Iter Loss 0.0255 | Iter Mean Loss 0.0250
2024-11-14 04:21:56,190 - root - INFO - CF Training: Epoch 0001 Iter 0040 / 0638 | Time 0.2s | Iter Loss 0.0263 | Iter Mean Loss 0.0251
2024-11-14 04:21:56,414 - root - INFO - CF Training: Epoch 0001 Iter 0041 / 0638 | Time 0.2s | Iter Loss 0.0287 | Iter Mean Loss 0.0251
2024-11-14 04:21:56,637 - root - INFO - CF Training: Epoch 0001 Iter 0042 / 0638 | Time 0.2s | Iter Loss 0.0282 | Iter Mean Loss 0.0252
2024-11-14 04:21:56,858 - root - INFO - CF Training: Epoch 0001 Iter 0043 / 0638 | Time 0.2s | Iter Loss 0.0258 | Iter Mean Loss 0.0252
2024-11-14 04:21:57,080 - root - INFO - CF Training: Epoch 0001 Iter 0044 / 0638 | Time 0.2s | Iter Loss 0.0247 | Iter Mean Loss 0.0252
2024-11-14 04:21:57,302 - root - INFO - CF Training: Epoch 0001 Iter 0045 / 0638 | Time 0.2s | Iter Loss 0.0255 | Iter Mean Loss 0.0252
2024-11-14 04:21:57,524 - root - INFO - CF Training: Epoch 0001 Iter 0046 / 0638 | Time 0.2s | Iter Loss 0.0332 | Iter Mean Loss 0.0254
2024-11-14 04:21:57,746 - root - INFO - CF Training: Epoch 0001 Iter 0047 / 0638 | Time 0.2s | Iter Loss 0.0262 | Iter Mean Loss 0.0254
2024-11-14 04:21:57,969 - root - INFO - CF Training: Epoch 0001 Iter 0048 / 0638 | Time 0.2s | Iter Loss 0.0226 | Iter Mean Loss 0.0254
2024-11-14 04:21:58,190 - root - INFO - CF Training: Epoch 0001 Iter 0049 / 0638 | Time 0.2s | Iter Loss 0.0218 | Iter Mean Loss 0.0253
2024-11-14 04:21:58,410 - root - INFO - CF Training: Epoch 0001 Iter 0050 / 0638 | Time 0.2s | Iter Loss 0.0260 | Iter Mean Loss 0.0253
2024-11-14 04:21:58,631 - root - INFO - CF Training: Epoch 0001 Iter 0051 / 0638 | Time 0.2s | Iter Loss 0.0224 | Iter Mean Loss 0.0252
2024-11-14 04:21:58,851 - root - INFO - CF Training: Epoch 0001 Iter 0052 / 0638 | Time 0.2s | Iter Loss 0.0254 | Iter Mean Loss 0.0252
2024-11-14 04:21:59,074 - root - INFO - CF Training: Epoch 0001 Iter 0053 / 0638 | Time 0.2s | Iter Loss 0.0259 | Iter Mean Loss 0.0253
2024-11-14 04:21:59,295 - root - INFO - CF Training: Epoch 0001 Iter 0054 / 0638 | Time 0.2s | Iter Loss 0.0218 | Iter Mean Loss 0.0252
2024-11-14 04:21:59,517 - root - INFO - CF Training: Epoch 0001 Iter 0055 / 0638 | Time 0.2s | Iter Loss 0.0252 | Iter Mean Loss 0.0252
2024-11-14 04:21:59,738 - root - INFO - CF Training: Epoch 0001 Iter 0056 / 0638 | Time 0.2s | Iter Loss 0.0257 | Iter Mean Loss 0.0252
2024-11-14 04:21:59,960 - root - INFO - CF Training: Epoch 0001 Iter 0057 / 0638 | Time 0.2s | Iter Loss 0.0227 | Iter Mean Loss 0.0252
2024-11-14 04:22:00,183 - root - INFO - CF Training: Epoch 0001 Iter 0058 / 0638 | Time 0.2s | Iter Loss 0.0236 | Iter Mean Loss 0.0251
2024-11-14 04:22:00,403 - root - INFO - CF Training: Epoch 0001 Iter 0059 / 0638 | Time 0.2s | Iter Loss 0.0249 | Iter Mean Loss 0.0251
2024-11-14 04:22:00,626 - root - INFO - CF Training: Epoch 0001 Iter 0060 / 0638 | Time 0.2s | Iter Loss 0.0237 | Iter Mean Loss 0.0251
2024-11-14 04:22:00,849 - root - INFO - CF Training: Epoch 0001 Iter 0061 / 0638 | Time 0.2s | Iter Loss 0.0249 | Iter Mean Loss 0.0251
2024-11-14 04:22:01,071 - root - INFO - CF Training: Epoch 0001 Iter 0062 / 0638 | Time 0.2s | Iter Loss 0.0239 | Iter Mean Loss 0.0251
2024-11-14 04:22:01,294 - root - INFO - CF Training: Epoch 0001 Iter 0063 / 0638 | Time 0.2s | Iter Loss 0.0232 | Iter Mean Loss 0.0251
2024-11-14 04:22:01,516 - root - INFO - CF Training: Epoch 0001 Iter 0064 / 0638 | Time 0.2s | Iter Loss 0.0240 | Iter Mean Loss 0.0250
2024-11-14 04:22:01,738 - root - INFO - CF Training: Epoch 0001 Iter 0065 / 0638 | Time 0.2s | Iter Loss 0.0288 | Iter Mean Loss 0.0251
2024-11-14 04:22:01,959 - root - INFO - CF Training: Epoch 0001 Iter 0066 / 0638 | Time 0.2s | Iter Loss 0.0269 | Iter Mean Loss 0.0251
2024-11-14 04:22:02,180 - root - INFO - CF Training: Epoch 0001 Iter 0067 / 0638 | Time 0.2s | Iter Loss 0.0240 | Iter Mean Loss 0.0251
2024-11-14 04:22:02,402 - root - INFO - CF Training: Epoch 0001 Iter 0068 / 0638 | Time 0.2s | Iter Loss 0.0218 | Iter Mean Loss 0.0251
2024-11-14 04:22:02,625 - root - INFO - CF Training: Epoch 0001 Iter 0069 / 0638 | Time 0.2s | Iter Loss 0.0255 | Iter Mean Loss 0.0251
2024-11-14 04:22:02,846 - root - INFO - CF Training: Epoch 0001 Iter 0070 / 0638 | Time 0.2s | Iter Loss 0.0229 | Iter Mean Loss 0.0250
2024-11-14 04:22:03,068 - root - INFO - CF Training: Epoch 0001 Iter 0071 / 0638 | Time 0.2s | Iter Loss 0.0246 | Iter Mean Loss 0.0250
2024-11-14 04:22:03,288 - root - INFO - CF Training: Epoch 0001 Iter 0072 / 0638 | Time 0.2s | Iter Loss 0.0270 | Iter Mean Loss 0.0251
2024-11-14 04:22:03,509 - root - INFO - CF Training: Epoch 0001 Iter 0073 / 0638 | Time 0.2s | Iter Loss 0.0281 | Iter Mean Loss 0.0251
2024-11-14 04:22:03,730 - root - INFO - CF Training: Epoch 0001 Iter 0074 / 0638 | Time 0.2s | Iter Loss 0.0205 | Iter Mean Loss 0.0250
2024-11-14 04:22:03,952 - root - INFO - CF Training: Epoch 0001 Iter 0075 / 0638 | Time 0.2s | Iter Loss 0.0294 | Iter Mean Loss 0.0251
2024-11-14 04:22:04,174 - root - INFO - CF Training: Epoch 0001 Iter 0076 / 0638 | Time 0.2s | Iter Loss 0.0228 | Iter Mean Loss 0.0251
2024-11-14 04:22:04,395 - root - INFO - CF Training: Epoch 0001 Iter 0077 / 0638 | Time 0.2s | Iter Loss 0.0280 | Iter Mean Loss 0.0251
2024-11-14 04:22:04,616 - root - INFO - CF Training: Epoch 0001 Iter 0078 / 0638 | Time 0.2s | Iter Loss 0.0273 | Iter Mean Loss 0.0251
2024-11-14 04:22:04,836 - root - INFO - CF Training: Epoch 0001 Iter 0079 / 0638 | Time 0.2s | Iter Loss 0.0264 | Iter Mean Loss 0.0251
2024-11-14 04:22:05,056 - root - INFO - CF Training: Epoch 0001 Iter 0080 / 0638 | Time 0.2s | Iter Loss 0.0237 | Iter Mean Loss 0.0251
2024-11-14 04:22:05,277 - root - INFO - CF Training: Epoch 0001 Iter 0081 / 0638 | Time 0.2s | Iter Loss 0.0249 | Iter Mean Loss 0.0251
2024-11-14 04:22:05,498 - root - INFO - CF Training: Epoch 0001 Iter 0082 / 0638 | Time 0.2s | Iter Loss 0.0210 | Iter Mean Loss 0.0251
2024-11-14 04:22:05,721 - root - INFO - CF Training: Epoch 0001 Iter 0083 / 0638 | Time 0.2s | Iter Loss 0.0263 | Iter Mean Loss 0.0251
2024-11-14 04:22:05,942 - root - INFO - CF Training: Epoch 0001 Iter 0084 / 0638 | Time 0.2s | Iter Loss 0.0235 | Iter Mean Loss 0.0251
2024-11-14 04:22:06,164 - root - INFO - CF Training: Epoch 0001 Iter 0085 / 0638 | Time 0.2s | Iter Loss 0.0228 | Iter Mean Loss 0.0250
2024-11-14 04:22:06,386 - root - INFO - CF Training: Epoch 0001 Iter 0086 / 0638 | Time 0.2s | Iter Loss 0.0228 | Iter Mean Loss 0.0250
2024-11-14 04:22:06,607 - root - INFO - CF Training: Epoch 0001 Iter 0087 / 0638 | Time 0.2s | Iter Loss 0.0229 | Iter Mean Loss 0.0250
2024-11-14 04:22:06,828 - root - INFO - CF Training: Epoch 0001 Iter 0088 / 0638 | Time 0.2s | Iter Loss 0.0230 | Iter Mean Loss 0.0250
2024-11-14 04:22:07,049 - root - INFO - CF Training: Epoch 0001 Iter 0089 / 0638 | Time 0.2s | Iter Loss 0.0244 | Iter Mean Loss 0.0250
2024-11-14 04:22:07,269 - root - INFO - CF Training: Epoch 0001 Iter 0090 / 0638 | Time 0.2s | Iter Loss 0.0267 | Iter Mean Loss 0.0250
2024-11-14 04:22:07,490 - root - INFO - CF Training: Epoch 0001 Iter 0091 / 0638 | Time 0.2s | Iter Loss 0.0231 | Iter Mean Loss 0.0250
2024-11-14 04:22:07,711 - root - INFO - CF Training: Epoch 0001 Iter 0092 / 0638 | Time 0.2s | Iter Loss 0.0228 | Iter Mean Loss 0.0249
2024-11-14 04:22:07,932 - root - INFO - CF Training: Epoch 0001 Iter 0093 / 0638 | Time 0.2s | Iter Loss 0.0205 | Iter Mean Loss 0.0249
2024-11-14 04:22:08,152 - root - INFO - CF Training: Epoch 0001 Iter 0094 / 0638 | Time 0.2s | Iter Loss 0.0278 | Iter Mean Loss 0.0249
2024-11-14 04:22:08,373 - root - INFO - CF Training: Epoch 0001 Iter 0095 / 0638 | Time 0.2s | Iter Loss 0.0274 | Iter Mean Loss 0.0249
2024-11-14 04:22:08,594 - root - INFO - CF Training: Epoch 0001 Iter 0096 / 0638 | Time 0.2s | Iter Loss 0.0273 | Iter Mean Loss 0.0250
2024-11-14 04:22:08,817 - root - INFO - CF Training: Epoch 0001 Iter 0097 / 0638 | Time 0.2s | Iter Loss 0.0227 | Iter Mean Loss 0.0249
2024-11-14 04:22:09,040 - root - INFO - CF Training: Epoch 0001 Iter 0098 / 0638 | Time 0.2s | Iter Loss 0.0236 | Iter Mean Loss 0.0249
2024-11-14 04:22:09,263 - root - INFO - CF Training: Epoch 0001 Iter 0099 / 0638 | Time 0.2s | Iter Loss 0.0243 | Iter Mean Loss 0.0249
2024-11-14 04:22:09,486 - root - INFO - CF Training: Epoch 0001 Iter 0100 / 0638 | Time 0.2s | Iter Loss 0.0219 | Iter Mean Loss 0.0249
2024-11-14 04:22:09,708 - root - INFO - CF Training: Epoch 0001 Iter 0101 / 0638 | Time 0.2s | Iter Loss 0.0268 | Iter Mean Loss 0.0249
2024-11-14 04:22:09,931 - root - INFO - CF Training: Epoch 0001 Iter 0102 / 0638 | Time 0.2s | Iter Loss 0.0266 | Iter Mean Loss 0.0249
2024-11-14 04:22:10,154 - root - INFO - CF Training: Epoch 0001 Iter 0103 / 0638 | Time 0.2s | Iter Loss 0.0308 | Iter Mean Loss 0.0250
2024-11-14 04:22:10,375 - root - INFO - CF Training: Epoch 0001 Iter 0104 / 0638 | Time 0.2s | Iter Loss 0.0237 | Iter Mean Loss 0.0250
2024-11-14 04:22:10,597 - root - INFO - CF Training: Epoch 0001 Iter 0105 / 0638 | Time 0.2s | Iter Loss 0.0249 | Iter Mean Loss 0.0250
2024-11-14 04:22:10,818 - root - INFO - CF Training: Epoch 0001 Iter 0106 / 0638 | Time 0.2s | Iter Loss 0.0229 | Iter Mean Loss 0.0250
2024-11-14 04:22:11,040 - root - INFO - CF Training: Epoch 0001 Iter 0107 / 0638 | Time 0.2s | Iter Loss 0.0233 | Iter Mean Loss 0.0249
2024-11-14 04:22:11,261 - root - INFO - CF Training: Epoch 0001 Iter 0108 / 0638 | Time 0.2s | Iter Loss 0.0225 | Iter Mean Loss 0.0249
2024-11-14 04:22:11,484 - root - INFO - CF Training: Epoch 0001 Iter 0109 / 0638 | Time 0.2s | Iter Loss 0.0213 | Iter Mean Loss 0.0249
2024-11-14 04:22:11,704 - root - INFO - CF Training: Epoch 0001 Iter 0110 / 0638 | Time 0.2s | Iter Loss 0.0274 | Iter Mean Loss 0.0249
2024-11-14 04:22:11,926 - root - INFO - CF Training: Epoch 0001 Iter 0111 / 0638 | Time 0.2s | Iter Loss 0.0218 | Iter Mean Loss 0.0249
2024-11-14 04:22:12,149 - root - INFO - CF Training: Epoch 0001 Iter 0112 / 0638 | Time 0.2s | Iter Loss 0.0222 | Iter Mean Loss 0.0249
2024-11-14 04:22:12,373 - root - INFO - CF Training: Epoch 0001 Iter 0113 / 0638 | Time 0.2s | Iter Loss 0.0243 | Iter Mean Loss 0.0249
2024-11-14 04:22:12,596 - root - INFO - CF Training: Epoch 0001 Iter 0114 / 0638 | Time 0.2s | Iter Loss 0.0264 | Iter Mean Loss 0.0249
2024-11-14 04:22:12,818 - root - INFO - CF Training: Epoch 0001 Iter 0115 / 0638 | Time 0.2s | Iter Loss 0.0251 | Iter Mean Loss 0.0249
2024-11-14 04:22:13,043 - root - INFO - CF Training: Epoch 0001 Iter 0116 / 0638 | Time 0.2s | Iter Loss 0.0239 | Iter Mean Loss 0.0249
2024-11-14 04:22:13,266 - root - INFO - CF Training: Epoch 0001 Iter 0117 / 0638 | Time 0.2s | Iter Loss 0.0231 | Iter Mean Loss 0.0248
2024-11-14 04:22:13,487 - root - INFO - CF Training: Epoch 0001 Iter 0118 / 0638 | Time 0.2s | Iter Loss 0.0234 | Iter Mean Loss 0.0248
2024-11-14 04:22:13,707 - root - INFO - CF Training: Epoch 0001 Iter 0119 / 0638 | Time 0.2s | Iter Loss 0.0285 | Iter Mean Loss 0.0249
2024-11-14 04:22:13,929 - root - INFO - CF Training: Epoch 0001 Iter 0120 / 0638 | Time 0.2s | Iter Loss 0.0262 | Iter Mean Loss 0.0249
2024-11-14 04:22:14,149 - root - INFO - CF Training: Epoch 0001 Iter 0121 / 0638 | Time 0.2s | Iter Loss 0.0264 | Iter Mean Loss 0.0249
2024-11-14 04:22:14,369 - root - INFO - CF Training: Epoch 0001 Iter 0122 / 0638 | Time 0.2s | Iter Loss 0.0223 | Iter Mean Loss 0.0249
2024-11-14 04:22:14,590 - root - INFO - CF Training: Epoch 0001 Iter 0123 / 0638 | Time 0.2s | Iter Loss 0.0206 | Iter Mean Loss 0.0248
2024-11-14 04:22:14,811 - root - INFO - CF Training: Epoch 0001 Iter 0124 / 0638 | Time 0.2s | Iter Loss 0.0236 | Iter Mean Loss 0.0248
2024-11-14 04:22:15,033 - root - INFO - CF Training: Epoch 0001 Iter 0125 / 0638 | Time 0.2s | Iter Loss 0.0249 | Iter Mean Loss 0.0248
2024-11-14 04:22:15,254 - root - INFO - CF Training: Epoch 0001 Iter 0126 / 0638 | Time 0.2s | Iter Loss 0.0230 | Iter Mean Loss 0.0248
2024-11-14 04:22:15,476 - root - INFO - CF Training: Epoch 0001 Iter 0127 / 0638 | Time 0.2s | Iter Loss 0.0251 | Iter Mean Loss 0.0248
2024-11-14 04:22:15,698 - root - INFO - CF Training: Epoch 0001 Iter 0128 / 0638 | Time 0.2s | Iter Loss 0.0231 | Iter Mean Loss 0.0248
2024-11-14 04:22:15,920 - root - INFO - CF Training: Epoch 0001 Iter 0129 / 0638 | Time 0.2s | Iter Loss 0.0289 | Iter Mean Loss 0.0248
2024-11-14 04:22:16,141 - root - INFO - CF Training: Epoch 0001 Iter 0130 / 0638 | Time 0.2s | Iter Loss 0.0221 | Iter Mean Loss 0.0248
2024-11-14 04:22:16,364 - root - INFO - CF Training: Epoch 0001 Iter 0131 / 0638 | Time 0.2s | Iter Loss 0.0263 | Iter Mean Loss 0.0248
2024-11-14 04:22:16,585 - root - INFO - CF Training: Epoch 0001 Iter 0132 / 0638 | Time 0.2s | Iter Loss 0.0197 | Iter Mean Loss 0.0248
2024-11-14 04:22:16,806 - root - INFO - CF Training: Epoch 0001 Iter 0133 / 0638 | Time 0.2s | Iter Loss 0.0254 | Iter Mean Loss 0.0248
2024-11-14 04:22:17,028 - root - INFO - CF Training: Epoch 0001 Iter 0134 / 0638 | Time 0.2s | Iter Loss 0.0222 | Iter Mean Loss 0.0248
2024-11-14 04:22:17,250 - root - INFO - CF Training: Epoch 0001 Iter 0135 / 0638 | Time 0.2s | Iter Loss 0.0262 | Iter Mean Loss 0.0248
2024-11-14 04:22:17,472 - root - INFO - CF Training: Epoch 0001 Iter 0136 / 0638 | Time 0.2s | Iter Loss 0.0224 | Iter Mean Loss 0.0248
2024-11-14 04:22:17,693 - root - INFO - CF Training: Epoch 0001 Iter 0137 / 0638 | Time 0.2s | Iter Loss 0.0195 | Iter Mean Loss 0.0247
2024-11-14 04:22:17,915 - root - INFO - CF Training: Epoch 0001 Iter 0138 / 0638 | Time 0.2s | Iter Loss 0.0274 | Iter Mean Loss 0.0247
2024-11-14 04:22:18,136 - root - INFO - CF Training: Epoch 0001 Iter 0139 / 0638 | Time 0.2s | Iter Loss 0.0241 | Iter Mean Loss 0.0247
2024-11-14 04:22:18,357 - root - INFO - CF Training: Epoch 0001 Iter 0140 / 0638 | Time 0.2s | Iter Loss 0.0224 | Iter Mean Loss 0.0247
2024-11-14 04:22:18,579 - root - INFO - CF Training: Epoch 0001 Iter 0141 / 0638 | Time 0.2s | Iter Loss 0.0259 | Iter Mean Loss 0.0247
2024-11-14 04:22:18,802 - root - INFO - CF Training: Epoch 0001 Iter 0142 / 0638 | Time 0.2s | Iter Loss 0.0215 | Iter Mean Loss 0.0247
2024-11-14 04:22:19,023 - root - INFO - CF Training: Epoch 0001 Iter 0143 / 0638 | Time 0.2s | Iter Loss 0.0206 | Iter Mean Loss 0.0247
2024-11-14 04:22:19,245 - root - INFO - CF Training: Epoch 0001 Iter 0144 / 0638 | Time 0.2s | Iter Loss 0.0247 | Iter Mean Loss 0.0247
2024-11-14 04:22:19,467 - root - INFO - CF Training: Epoch 0001 Iter 0145 / 0638 | Time 0.2s | Iter Loss 0.0242 | Iter Mean Loss 0.0247
2024-11-14 04:22:19,687 - root - INFO - CF Training: Epoch 0001 Iter 0146 / 0638 | Time 0.2s | Iter Loss 0.0259 | Iter Mean Loss 0.0247
2024-11-14 04:22:19,908 - root - INFO - CF Training: Epoch 0001 Iter 0147 / 0638 | Time 0.2s | Iter Loss 0.0242 | Iter Mean Loss 0.0247
2024-11-14 04:22:20,130 - root - INFO - CF Training: Epoch 0001 Iter 0148 / 0638 | Time 0.2s | Iter Loss 0.0230 | Iter Mean Loss 0.0247
2024-11-14 04:22:20,353 - root - INFO - CF Training: Epoch 0001 Iter 0149 / 0638 | Time 0.2s | Iter Loss 0.0269 | Iter Mean Loss 0.0247
2024-11-14 04:22:20,574 - root - INFO - CF Training: Epoch 0001 Iter 0150 / 0638 | Time 0.2s | Iter Loss 0.0210 | Iter Mean Loss 0.0247
2024-11-14 04:22:20,795 - root - INFO - CF Training: Epoch 0001 Iter 0151 / 0638 | Time 0.2s | Iter Loss 0.0256 | Iter Mean Loss 0.0247
2024-11-14 04:22:21,018 - root - INFO - CF Training: Epoch 0001 Iter 0152 / 0638 | Time 0.2s | Iter Loss 0.0288 | Iter Mean Loss 0.0247
2024-11-14 04:22:21,238 - root - INFO - CF Training: Epoch 0001 Iter 0153 / 0638 | Time 0.2s | Iter Loss 0.0235 | Iter Mean Loss 0.0247
2024-11-14 04:22:21,461 - root - INFO - CF Training: Epoch 0001 Iter 0154 / 0638 | Time 0.2s | Iter Loss 0.0217 | Iter Mean Loss 0.0247
2024-11-14 04:22:21,684 - root - INFO - CF Training: Epoch 0001 Iter 0155 / 0638 | Time 0.2s | Iter Loss 0.0196 | Iter Mean Loss 0.0246
2024-11-14 04:22:21,906 - root - INFO - CF Training: Epoch 0001 Iter 0156 / 0638 | Time 0.2s | Iter Loss 0.0235 | Iter Mean Loss 0.0246
2024-11-14 04:22:22,128 - root - INFO - CF Training: Epoch 0001 Iter 0157 / 0638 | Time 0.2s | Iter Loss 0.0229 | Iter Mean Loss 0.0246
2024-11-14 04:22:22,350 - root - INFO - CF Training: Epoch 0001 Iter 0158 / 0638 | Time 0.2s | Iter Loss 0.0250 | Iter Mean Loss 0.0246
2024-11-14 04:22:22,572 - root - INFO - CF Training: Epoch 0001 Iter 0159 / 0638 | Time 0.2s | Iter Loss 0.0247 | Iter Mean Loss 0.0246
2024-11-14 04:22:22,794 - root - INFO - CF Training: Epoch 0001 Iter 0160 / 0638 | Time 0.2s | Iter Loss 0.0222 | Iter Mean Loss 0.0246
2024-11-14 04:22:23,016 - root - INFO - CF Training: Epoch 0001 Iter 0161 / 0638 | Time 0.2s | Iter Loss 0.0257 | Iter Mean Loss 0.0246
2024-11-14 04:22:23,238 - root - INFO - CF Training: Epoch 0001 Iter 0162 / 0638 | Time 0.2s | Iter Loss 0.0256 | Iter Mean Loss 0.0246
2024-11-14 04:22:23,459 - root - INFO - CF Training: Epoch 0001 Iter 0163 / 0638 | Time 0.2s | Iter Loss 0.0305 | Iter Mean Loss 0.0246
2024-11-14 04:22:23,680 - root - INFO - CF Training: Epoch 0001 Iter 0164 / 0638 | Time 0.2s | Iter Loss 0.0220 | Iter Mean Loss 0.0246
2024-11-14 04:22:23,901 - root - INFO - CF Training: Epoch 0001 Iter 0165 / 0638 | Time 0.2s | Iter Loss 0.0228 | Iter Mean Loss 0.0246
2024-11-14 04:22:24,123 - root - INFO - CF Training: Epoch 0001 Iter 0166 / 0638 | Time 0.2s | Iter Loss 0.0242 | Iter Mean Loss 0.0246
2024-11-14 04:22:24,345 - root - INFO - CF Training: Epoch 0001 Iter 0167 / 0638 | Time 0.2s | Iter Loss 0.0221 | Iter Mean Loss 0.0246
2024-11-14 04:22:24,566 - root - INFO - CF Training: Epoch 0001 Iter 0168 / 0638 | Time 0.2s | Iter Loss 0.0264 | Iter Mean Loss 0.0246
2024-11-14 04:22:24,787 - root - INFO - CF Training: Epoch 0001 Iter 0169 / 0638 | Time 0.2s | Iter Loss 0.0251 | Iter Mean Loss 0.0246
2024-11-14 04:22:25,009 - root - INFO - CF Training: Epoch 0001 Iter 0170 / 0638 | Time 0.2s | Iter Loss 0.0309 | Iter Mean Loss 0.0247
2024-11-14 04:22:25,234 - root - INFO - CF Training: Epoch 0001 Iter 0171 / 0638 | Time 0.2s | Iter Loss 0.0223 | Iter Mean Loss 0.0246
2024-11-14 04:22:25,456 - root - INFO - CF Training: Epoch 0001 Iter 0172 / 0638 | Time 0.2s | Iter Loss 0.0268 | Iter Mean Loss 0.0247
2024-11-14 04:22:25,678 - root - INFO - CF Training: Epoch 0001 Iter 0173 / 0638 | Time 0.2s | Iter Loss 0.0252 | Iter Mean Loss 0.0247
2024-11-14 04:22:25,902 - root - INFO - CF Training: Epoch 0001 Iter 0174 / 0638 | Time 0.2s | Iter Loss 0.0213 | Iter Mean Loss 0.0246
2024-11-14 04:22:26,124 - root - INFO - CF Training: Epoch 0001 Iter 0175 / 0638 | Time 0.2s | Iter Loss 0.0223 | Iter Mean Loss 0.0246
2024-11-14 04:22:26,347 - root - INFO - CF Training: Epoch 0001 Iter 0176 / 0638 | Time 0.2s | Iter Loss 0.0226 | Iter Mean Loss 0.0246
2024-11-14 04:22:26,571 - root - INFO - CF Training: Epoch 0001 Iter 0177 / 0638 | Time 0.2s | Iter Loss 0.0247 | Iter Mean Loss 0.0246
2024-11-14 04:22:26,794 - root - INFO - CF Training: Epoch 0001 Iter 0178 / 0638 | Time 0.2s | Iter Loss 0.0261 | Iter Mean Loss 0.0246
2024-11-14 04:22:27,017 - root - INFO - CF Training: Epoch 0001 Iter 0179 / 0638 | Time 0.2s | Iter Loss 0.0266 | Iter Mean Loss 0.0246
2024-11-14 04:22:27,239 - root - INFO - CF Training: Epoch 0001 Iter 0180 / 0638 | Time 0.2s | Iter Loss 0.0242 | Iter Mean Loss 0.0246
2024-11-14 04:22:27,462 - root - INFO - CF Training: Epoch 0001 Iter 0181 / 0638 | Time 0.2s | Iter Loss 0.0286 | Iter Mean Loss 0.0246
2024-11-14 04:22:27,685 - root - INFO - CF Training: Epoch 0001 Iter 0182 / 0638 | Time 0.2s | Iter Loss 0.0218 | Iter Mean Loss 0.0246
2024-11-14 04:22:27,907 - root - INFO - CF Training: Epoch 0001 Iter 0183 / 0638 | Time 0.2s | Iter Loss 0.0234 | Iter Mean Loss 0.0246
2024-11-14 04:22:28,129 - root - INFO - CF Training: Epoch 0001 Iter 0184 / 0638 | Time 0.2s | Iter Loss 0.0256 | Iter Mean Loss 0.0246
2024-11-14 04:22:28,352 - root - INFO - CF Training: Epoch 0001 Iter 0185 / 0638 | Time 0.2s | Iter Loss 0.0223 | Iter Mean Loss 0.0246
2024-11-14 04:22:28,574 - root - INFO - CF Training: Epoch 0001 Iter 0186 / 0638 | Time 0.2s | Iter Loss 0.0250 | Iter Mean Loss 0.0246
2024-11-14 04:22:28,797 - root - INFO - CF Training: Epoch 0001 Iter 0187 / 0638 | Time 0.2s | Iter Loss 0.0213 | Iter Mean Loss 0.0246
2024-11-14 04:22:29,018 - root - INFO - CF Training: Epoch 0001 Iter 0188 / 0638 | Time 0.2s | Iter Loss 0.0247 | Iter Mean Loss 0.0246
2024-11-14 04:22:29,240 - root - INFO - CF Training: Epoch 0001 Iter 0189 / 0638 | Time 0.2s | Iter Loss 0.0203 | Iter Mean Loss 0.0246
2024-11-14 04:22:29,462 - root - INFO - CF Training: Epoch 0001 Iter 0190 / 0638 | Time 0.2s | Iter Loss 0.0238 | Iter Mean Loss 0.0246
2024-11-14 04:22:29,685 - root - INFO - CF Training: Epoch 0001 Iter 0191 / 0638 | Time 0.2s | Iter Loss 0.0239 | Iter Mean Loss 0.0246
2024-11-14 04:22:29,907 - root - INFO - CF Training: Epoch 0001 Iter 0192 / 0638 | Time 0.2s | Iter Loss 0.0244 | Iter Mean Loss 0.0246
2024-11-14 04:22:30,129 - root - INFO - CF Training: Epoch 0001 Iter 0193 / 0638 | Time 0.2s | Iter Loss 0.0202 | Iter Mean Loss 0.0246
2024-11-14 04:22:30,351 - root - INFO - CF Training: Epoch 0001 Iter 0194 / 0638 | Time 0.2s | Iter Loss 0.0249 | Iter Mean Loss 0.0246
2024-11-14 04:22:30,573 - root - INFO - CF Training: Epoch 0001 Iter 0195 / 0638 | Time 0.2s | Iter Loss 0.0209 | Iter Mean Loss 0.0245
2024-11-14 04:22:30,796 - root - INFO - CF Training: Epoch 0001 Iter 0196 / 0638 | Time 0.2s | Iter Loss 0.0244 | Iter Mean Loss 0.0245
2024-11-14 04:22:31,018 - root - INFO - CF Training: Epoch 0001 Iter 0197 / 0638 | Time 0.2s | Iter Loss 0.0259 | Iter Mean Loss 0.0245
2024-11-14 04:22:31,241 - root - INFO - CF Training: Epoch 0001 Iter 0198 / 0638 | Time 0.2s | Iter Loss 0.0259 | Iter Mean Loss 0.0245
2024-11-14 04:22:31,464 - root - INFO - CF Training: Epoch 0001 Iter 0199 / 0638 | Time 0.2s | Iter Loss 0.0253 | Iter Mean Loss 0.0246
2024-11-14 04:22:31,684 - root - INFO - CF Training: Epoch 0001 Iter 0200 / 0638 | Time 0.2s | Iter Loss 0.0242 | Iter Mean Loss 0.0245
2024-11-14 04:22:31,906 - root - INFO - CF Training: Epoch 0001 Iter 0201 / 0638 | Time 0.2s | Iter Loss 0.0221 | Iter Mean Loss 0.0245
2024-11-14 04:22:32,128 - root - INFO - CF Training: Epoch 0001 Iter 0202 / 0638 | Time 0.2s | Iter Loss 0.0212 | Iter Mean Loss 0.0245
2024-11-14 04:22:32,349 - root - INFO - CF Training: Epoch 0001 Iter 0203 / 0638 | Time 0.2s | Iter Loss 0.0200 | Iter Mean Loss 0.0245
2024-11-14 04:22:32,572 - root - INFO - CF Training: Epoch 0001 Iter 0204 / 0638 | Time 0.2s | Iter Loss 0.0230 | Iter Mean Loss 0.0245
2024-11-14 04:22:32,795 - root - INFO - CF Training: Epoch 0001 Iter 0205 / 0638 | Time 0.2s | Iter Loss 0.0205 | Iter Mean Loss 0.0245
2024-11-14 04:22:33,017 - root - INFO - CF Training: Epoch 0001 Iter 0206 / 0638 | Time 0.2s | Iter Loss 0.0216 | Iter Mean Loss 0.0245
2024-11-14 04:22:33,238 - root - INFO - CF Training: Epoch 0001 Iter 0207 / 0638 | Time 0.2s | Iter Loss 0.0253 | Iter Mean Loss 0.0245
2024-11-14 04:22:33,461 - root - INFO - CF Training: Epoch 0001 Iter 0208 / 0638 | Time 0.2s | Iter Loss 0.0245 | Iter Mean Loss 0.0245
2024-11-14 04:22:33,683 - root - INFO - CF Training: Epoch 0001 Iter 0209 / 0638 | Time 0.2s | Iter Loss 0.0267 | Iter Mean Loss 0.0245
2024-11-14 04:22:33,905 - root - INFO - CF Training: Epoch 0001 Iter 0210 / 0638 | Time 0.2s | Iter Loss 0.0252 | Iter Mean Loss 0.0245
2024-11-14 04:22:34,128 - root - INFO - CF Training: Epoch 0001 Iter 0211 / 0638 | Time 0.2s | Iter Loss 0.0219 | Iter Mean Loss 0.0245
2024-11-14 04:22:34,351 - root - INFO - CF Training: Epoch 0001 Iter 0212 / 0638 | Time 0.2s | Iter Loss 0.0223 | Iter Mean Loss 0.0245
2024-11-14 04:22:34,573 - root - INFO - CF Training: Epoch 0001 Iter 0213 / 0638 | Time 0.2s | Iter Loss 0.0227 | Iter Mean Loss 0.0244
2024-11-14 04:22:34,795 - root - INFO - CF Training: Epoch 0001 Iter 0214 / 0638 | Time 0.2s | Iter Loss 0.0240 | Iter Mean Loss 0.0244
2024-11-14 04:22:35,016 - root - INFO - CF Training: Epoch 0001 Iter 0215 / 0638 | Time 0.2s | Iter Loss 0.0197 | Iter Mean Loss 0.0244
2024-11-14 04:22:35,236 - root - INFO - CF Training: Epoch 0001 Iter 0216 / 0638 | Time 0.2s | Iter Loss 0.0275 | Iter Mean Loss 0.0244
2024-11-14 04:22:35,458 - root - INFO - CF Training: Epoch 0001 Iter 0217 / 0638 | Time 0.2s | Iter Loss 0.0223 | Iter Mean Loss 0.0244
2024-11-14 04:22:35,680 - root - INFO - CF Training: Epoch 0001 Iter 0218 / 0638 | Time 0.2s | Iter Loss 0.0223 | Iter Mean Loss 0.0244
2024-11-14 04:22:35,903 - root - INFO - CF Training: Epoch 0001 Iter 0219 / 0638 | Time 0.2s | Iter Loss 0.0232 | Iter Mean Loss 0.0244
2024-11-14 04:22:36,126 - root - INFO - CF Training: Epoch 0001 Iter 0220 / 0638 | Time 0.2s | Iter Loss 0.0232 | Iter Mean Loss 0.0244
2024-11-14 04:22:36,348 - root - INFO - CF Training: Epoch 0001 Iter 0221 / 0638 | Time 0.2s | Iter Loss 0.0236 | Iter Mean Loss 0.0244
2024-11-14 04:22:36,569 - root - INFO - CF Training: Epoch 0001 Iter 0222 / 0638 | Time 0.2s | Iter Loss 0.0218 | Iter Mean Loss 0.0244
2024-11-14 04:22:36,792 - root - INFO - CF Training: Epoch 0001 Iter 0223 / 0638 | Time 0.2s | Iter Loss 0.0288 | Iter Mean Loss 0.0244
2024-11-14 04:22:37,014 - root - INFO - CF Training: Epoch 0001 Iter 0224 / 0638 | Time 0.2s | Iter Loss 0.0226 | Iter Mean Loss 0.0244
2024-11-14 04:22:37,237 - root - INFO - CF Training: Epoch 0001 Iter 0225 / 0638 | Time 0.2s | Iter Loss 0.0214 | Iter Mean Loss 0.0244
2024-11-14 04:22:37,459 - root - INFO - CF Training: Epoch 0001 Iter 0226 / 0638 | Time 0.2s | Iter Loss 0.0242 | Iter Mean Loss 0.0244
2024-11-14 04:22:37,682 - root - INFO - CF Training: Epoch 0001 Iter 0227 / 0638 | Time 0.2s | Iter Loss 0.0224 | Iter Mean Loss 0.0244
2024-11-14 04:22:37,904 - root - INFO - CF Training: Epoch 0001 Iter 0228 / 0638 | Time 0.2s | Iter Loss 0.0217 | Iter Mean Loss 0.0244
2024-11-14 04:22:38,126 - root - INFO - CF Training: Epoch 0001 Iter 0229 / 0638 | Time 0.2s | Iter Loss 0.0220 | Iter Mean Loss 0.0244
2024-11-14 04:22:38,349 - root - INFO - CF Training: Epoch 0001 Iter 0230 / 0638 | Time 0.2s | Iter Loss 0.0212 | Iter Mean Loss 0.0243
2024-11-14 04:22:38,570 - root - INFO - CF Training: Epoch 0001 Iter 0231 / 0638 | Time 0.2s | Iter Loss 0.0252 | Iter Mean Loss 0.0243
2024-11-14 04:22:38,791 - root - INFO - CF Training: Epoch 0001 Iter 0232 / 0638 | Time 0.2s | Iter Loss 0.0214 | Iter Mean Loss 0.0243
2024-11-14 04:22:39,012 - root - INFO - CF Training: Epoch 0001 Iter 0233 / 0638 | Time 0.2s | Iter Loss 0.0271 | Iter Mean Loss 0.0243
2024-11-14 04:22:39,234 - root - INFO - CF Training: Epoch 0001 Iter 0234 / 0638 | Time 0.2s | Iter Loss 0.0276 | Iter Mean Loss 0.0244
2024-11-14 04:22:39,455 - root - INFO - CF Training: Epoch 0001 Iter 0235 / 0638 | Time 0.2s | Iter Loss 0.0204 | Iter Mean Loss 0.0243
2024-11-14 04:22:39,677 - root - INFO - CF Training: Epoch 0001 Iter 0236 / 0638 | Time 0.2s | Iter Loss 0.0274 | Iter Mean Loss 0.0244
2024-11-14 04:22:39,898 - root - INFO - CF Training: Epoch 0001 Iter 0237 / 0638 | Time 0.2s | Iter Loss 0.0226 | Iter Mean Loss 0.0243
2024-11-14 04:22:40,120 - root - INFO - CF Training: Epoch 0001 Iter 0238 / 0638 | Time 0.2s | Iter Loss 0.0220 | Iter Mean Loss 0.0243
2024-11-14 04:22:40,341 - root - INFO - CF Training: Epoch 0001 Iter 0239 / 0638 | Time 0.2s | Iter Loss 0.0204 | Iter Mean Loss 0.0243
2024-11-14 04:22:40,563 - root - INFO - CF Training: Epoch 0001 Iter 0240 / 0638 | Time 0.2s | Iter Loss 0.0302 | Iter Mean Loss 0.0243
2024-11-14 04:22:40,784 - root - INFO - CF Training: Epoch 0001 Iter 0241 / 0638 | Time 0.2s | Iter Loss 0.0227 | Iter Mean Loss 0.0243
2024-11-14 04:22:41,005 - root - INFO - CF Training: Epoch 0001 Iter 0242 / 0638 | Time 0.2s | Iter Loss 0.0214 | Iter Mean Loss 0.0243
2024-11-14 04:22:41,227 - root - INFO - CF Training: Epoch 0001 Iter 0243 / 0638 | Time 0.2s | Iter Loss 0.0200 | Iter Mean Loss 0.0243
2024-11-14 04:22:41,450 - root - INFO - CF Training: Epoch 0001 Iter 0244 / 0638 | Time 0.2s | Iter Loss 0.0196 | Iter Mean Loss 0.0243
2024-11-14 04:22:41,672 - root - INFO - CF Training: Epoch 0001 Iter 0245 / 0638 | Time 0.2s | Iter Loss 0.0251 | Iter Mean Loss 0.0243
2024-11-14 04:22:41,894 - root - INFO - CF Training: Epoch 0001 Iter 0246 / 0638 | Time 0.2s | Iter Loss 0.0213 | Iter Mean Loss 0.0243
2024-11-14 04:22:42,116 - root - INFO - CF Training: Epoch 0001 Iter 0247 / 0638 | Time 0.2s | Iter Loss 0.0211 | Iter Mean Loss 0.0243
2024-11-14 04:22:42,337 - root - INFO - CF Training: Epoch 0001 Iter 0248 / 0638 | Time 0.2s | Iter Loss 0.0255 | Iter Mean Loss 0.0243
2024-11-14 04:22:42,558 - root - INFO - CF Training: Epoch 0001 Iter 0249 / 0638 | Time 0.2s | Iter Loss 0.0202 | Iter Mean Loss 0.0243
2024-11-14 04:22:42,780 - root - INFO - CF Training: Epoch 0001 Iter 0250 / 0638 | Time 0.2s | Iter Loss 0.0206 | Iter Mean Loss 0.0242
2024-11-14 04:22:43,000 - root - INFO - CF Training: Epoch 0001 Iter 0251 / 0638 | Time 0.2s | Iter Loss 0.0219 | Iter Mean Loss 0.0242
2024-11-14 04:22:43,220 - root - INFO - CF Training: Epoch 0001 Iter 0252 / 0638 | Time 0.2s | Iter Loss 0.0207 | Iter Mean Loss 0.0242
2024-11-14 04:22:43,443 - root - INFO - CF Training: Epoch 0001 Iter 0253 / 0638 | Time 0.2s | Iter Loss 0.0219 | Iter Mean Loss 0.0242
2024-11-14 04:22:43,665 - root - INFO - CF Training: Epoch 0001 Iter 0254 / 0638 | Time 0.2s | Iter Loss 0.0235 | Iter Mean Loss 0.0242
2024-11-14 04:22:43,886 - root - INFO - CF Training: Epoch 0001 Iter 0255 / 0638 | Time 0.2s | Iter Loss 0.0213 | Iter Mean Loss 0.0242
2024-11-14 04:22:44,109 - root - INFO - CF Training: Epoch 0001 Iter 0256 / 0638 | Time 0.2s | Iter Loss 0.0215 | Iter Mean Loss 0.0242
2024-11-14 04:22:44,330 - root - INFO - CF Training: Epoch 0001 Iter 0257 / 0638 | Time 0.2s | Iter Loss 0.0206 | Iter Mean Loss 0.0242
2024-11-14 04:22:44,551 - root - INFO - CF Training: Epoch 0001 Iter 0258 / 0638 | Time 0.2s | Iter Loss 0.0249 | Iter Mean Loss 0.0242
2024-11-14 04:22:44,774 - root - INFO - CF Training: Epoch 0001 Iter 0259 / 0638 | Time 0.2s | Iter Loss 0.0244 | Iter Mean Loss 0.0242
2024-11-14 04:22:44,997 - root - INFO - CF Training: Epoch 0001 Iter 0260 / 0638 | Time 0.2s | Iter Loss 0.0233 | Iter Mean Loss 0.0242
2024-11-14 04:22:45,219 - root - INFO - CF Training: Epoch 0001 Iter 0261 / 0638 | Time 0.2s | Iter Loss 0.0253 | Iter Mean Loss 0.0242
2024-11-14 04:22:45,441 - root - INFO - CF Training: Epoch 0001 Iter 0262 / 0638 | Time 0.2s | Iter Loss 0.0250 | Iter Mean Loss 0.0242
2024-11-14 04:22:45,663 - root - INFO - CF Training: Epoch 0001 Iter 0263 / 0638 | Time 0.2s | Iter Loss 0.0242 | Iter Mean Loss 0.0242
2024-11-14 04:22:45,885 - root - INFO - CF Training: Epoch 0001 Iter 0264 / 0638 | Time 0.2s | Iter Loss 0.0228 | Iter Mean Loss 0.0242
2024-11-14 04:22:46,108 - root - INFO - CF Training: Epoch 0001 Iter 0265 / 0638 | Time 0.2s | Iter Loss 0.0214 | Iter Mean Loss 0.0242
2024-11-14 04:22:46,332 - root - INFO - CF Training: Epoch 0001 Iter 0266 / 0638 | Time 0.2s | Iter Loss 0.0209 | Iter Mean Loss 0.0242
2024-11-14 04:22:46,553 - root - INFO - CF Training: Epoch 0001 Iter 0267 / 0638 | Time 0.2s | Iter Loss 0.0212 | Iter Mean Loss 0.0241
2024-11-14 04:22:46,775 - root - INFO - CF Training: Epoch 0001 Iter 0268 / 0638 | Time 0.2s | Iter Loss 0.0269 | Iter Mean Loss 0.0241
2024-11-14 04:22:46,998 - root - INFO - CF Training: Epoch 0001 Iter 0269 / 0638 | Time 0.2s | Iter Loss 0.0261 | Iter Mean Loss 0.0242
2024-11-14 04:22:47,219 - root - INFO - CF Training: Epoch 0001 Iter 0270 / 0638 | Time 0.2s | Iter Loss 0.0266 | Iter Mean Loss 0.0242
2024-11-14 04:22:47,442 - root - INFO - CF Training: Epoch 0001 Iter 0271 / 0638 | Time 0.2s | Iter Loss 0.0226 | Iter Mean Loss 0.0242
2024-11-14 04:22:47,663 - root - INFO - CF Training: Epoch 0001 Iter 0272 / 0638 | Time 0.2s | Iter Loss 0.0264 | Iter Mean Loss 0.0242
2024-11-14 04:22:47,885 - root - INFO - CF Training: Epoch 0001 Iter 0273 / 0638 | Time 0.2s | Iter Loss 0.0225 | Iter Mean Loss 0.0242
2024-11-14 04:22:48,105 - root - INFO - CF Training: Epoch 0001 Iter 0274 / 0638 | Time 0.2s | Iter Loss 0.0233 | Iter Mean Loss 0.0242
2024-11-14 04:22:48,327 - root - INFO - CF Training: Epoch 0001 Iter 0275 / 0638 | Time 0.2s | Iter Loss 0.0250 | Iter Mean Loss 0.0242
2024-11-14 04:22:48,550 - root - INFO - CF Training: Epoch 0001 Iter 0276 / 0638 | Time 0.2s | Iter Loss 0.0220 | Iter Mean Loss 0.0242
2024-11-14 04:22:48,770 - root - INFO - CF Training: Epoch 0001 Iter 0277 / 0638 | Time 0.2s | Iter Loss 0.0274 | Iter Mean Loss 0.0242
2024-11-14 04:22:48,991 - root - INFO - CF Training: Epoch 0001 Iter 0278 / 0638 | Time 0.2s | Iter Loss 0.0208 | Iter Mean Loss 0.0242
2024-11-14 04:22:49,214 - root - INFO - CF Training: Epoch 0001 Iter 0279 / 0638 | Time 0.2s | Iter Loss 0.0217 | Iter Mean Loss 0.0241
2024-11-14 04:22:49,436 - root - INFO - CF Training: Epoch 0001 Iter 0280 / 0638 | Time 0.2s | Iter Loss 0.0254 | Iter Mean Loss 0.0241
2024-11-14 04:22:49,657 - root - INFO - CF Training: Epoch 0001 Iter 0281 / 0638 | Time 0.2s | Iter Loss 0.0269 | Iter Mean Loss 0.0242
2024-11-14 04:22:49,879 - root - INFO - CF Training: Epoch 0001 Iter 0282 / 0638 | Time 0.2s | Iter Loss 0.0225 | Iter Mean Loss 0.0242
2024-11-14 04:22:50,102 - root - INFO - CF Training: Epoch 0001 Iter 0283 / 0638 | Time 0.2s | Iter Loss 0.0221 | Iter Mean Loss 0.0241
2024-11-14 04:22:50,324 - root - INFO - CF Training: Epoch 0001 Iter 0284 / 0638 | Time 0.2s | Iter Loss 0.0209 | Iter Mean Loss 0.0241
2024-11-14 04:22:50,546 - root - INFO - CF Training: Epoch 0001 Iter 0285 / 0638 | Time 0.2s | Iter Loss 0.0243 | Iter Mean Loss 0.0241
2024-11-14 04:22:50,769 - root - INFO - CF Training: Epoch 0001 Iter 0286 / 0638 | Time 0.2s | Iter Loss 0.0217 | Iter Mean Loss 0.0241
2024-11-14 04:22:50,990 - root - INFO - CF Training: Epoch 0001 Iter 0287 / 0638 | Time 0.2s | Iter Loss 0.0226 | Iter Mean Loss 0.0241
2024-11-14 04:22:51,213 - root - INFO - CF Training: Epoch 0001 Iter 0288 / 0638 | Time 0.2s | Iter Loss 0.0220 | Iter Mean Loss 0.0241
2024-11-14 04:22:51,435 - root - INFO - CF Training: Epoch 0001 Iter 0289 / 0638 | Time 0.2s | Iter Loss 0.0220 | Iter Mean Loss 0.0241
2024-11-14 04:22:51,657 - root - INFO - CF Training: Epoch 0001 Iter 0290 / 0638 | Time 0.2s | Iter Loss 0.0227 | Iter Mean Loss 0.0241
2024-11-14 04:22:51,880 - root - INFO - CF Training: Epoch 0001 Iter 0291 / 0638 | Time 0.2s | Iter Loss 0.0236 | Iter Mean Loss 0.0241
2024-11-14 04:22:52,102 - root - INFO - CF Training: Epoch 0001 Iter 0292 / 0638 | Time 0.2s | Iter Loss 0.0285 | Iter Mean Loss 0.0241
2024-11-14 04:22:52,325 - root - INFO - CF Training: Epoch 0001 Iter 0293 / 0638 | Time 0.2s | Iter Loss 0.0256 | Iter Mean Loss 0.0241
2024-11-14 04:22:52,548 - root - INFO - CF Training: Epoch 0001 Iter 0294 / 0638 | Time 0.2s | Iter Loss 0.0236 | Iter Mean Loss 0.0241
2024-11-14 04:22:52,769 - root - INFO - CF Training: Epoch 0001 Iter 0295 / 0638 | Time 0.2s | Iter Loss 0.0188 | Iter Mean Loss 0.0241
2024-11-14 04:22:52,990 - root - INFO - CF Training: Epoch 0001 Iter 0296 / 0638 | Time 0.2s | Iter Loss 0.0222 | Iter Mean Loss 0.0241
2024-11-14 04:22:53,211 - root - INFO - CF Training: Epoch 0001 Iter 0297 / 0638 | Time 0.2s | Iter Loss 0.0234 | Iter Mean Loss 0.0241
2024-11-14 04:22:53,434 - root - INFO - CF Training: Epoch 0001 Iter 0298 / 0638 | Time 0.2s | Iter Loss 0.0221 | Iter Mean Loss 0.0241
2024-11-14 04:22:53,654 - root - INFO - CF Training: Epoch 0001 Iter 0299 / 0638 | Time 0.2s | Iter Loss 0.0230 | Iter Mean Loss 0.0241
2024-11-14 04:22:53,875 - root - INFO - CF Training: Epoch 0001 Iter 0300 / 0638 | Time 0.2s | Iter Loss 0.0270 | Iter Mean Loss 0.0241
2024-11-14 04:22:54,097 - root - INFO - CF Training: Epoch 0001 Iter 0301 / 0638 | Time 0.2s | Iter Loss 0.0233 | Iter Mean Loss 0.0241
2024-11-14 04:22:54,319 - root - INFO - CF Training: Epoch 0001 Iter 0302 / 0638 | Time 0.2s | Iter Loss 0.0267 | Iter Mean Loss 0.0241
2024-11-14 04:22:54,542 - root - INFO - CF Training: Epoch 0001 Iter 0303 / 0638 | Time 0.2s | Iter Loss 0.0207 | Iter Mean Loss 0.0241
2024-11-14 04:22:54,764 - root - INFO - CF Training: Epoch 0001 Iter 0304 / 0638 | Time 0.2s | Iter Loss 0.0253 | Iter Mean Loss 0.0241
2024-11-14 04:22:54,986 - root - INFO - CF Training: Epoch 0001 Iter 0305 / 0638 | Time 0.2s | Iter Loss 0.0224 | Iter Mean Loss 0.0241
2024-11-14 04:22:55,208 - root - INFO - CF Training: Epoch 0001 Iter 0306 / 0638 | Time 0.2s | Iter Loss 0.0179 | Iter Mean Loss 0.0241
2024-11-14 04:22:55,431 - root - INFO - CF Training: Epoch 0001 Iter 0307 / 0638 | Time 0.2s | Iter Loss 0.0212 | Iter Mean Loss 0.0241
2024-11-14 04:22:55,654 - root - INFO - CF Training: Epoch 0001 Iter 0308 / 0638 | Time 0.2s | Iter Loss 0.0220 | Iter Mean Loss 0.0240
2024-11-14 04:22:55,875 - root - INFO - CF Training: Epoch 0001 Iter 0309 / 0638 | Time 0.2s | Iter Loss 0.0237 | Iter Mean Loss 0.0240
2024-11-14 04:22:56,099 - root - INFO - CF Training: Epoch 0001 Iter 0310 / 0638 | Time 0.2s | Iter Loss 0.0252 | Iter Mean Loss 0.0241
2024-11-14 04:22:56,320 - root - INFO - CF Training: Epoch 0001 Iter 0311 / 0638 | Time 0.2s | Iter Loss 0.0228 | Iter Mean Loss 0.0240
2024-11-14 04:22:56,542 - root - INFO - CF Training: Epoch 0001 Iter 0312 / 0638 | Time 0.2s | Iter Loss 0.0253 | Iter Mean Loss 0.0241
2024-11-14 04:22:56,765 - root - INFO - CF Training: Epoch 0001 Iter 0313 / 0638 | Time 0.2s | Iter Loss 0.0225 | Iter Mean Loss 0.0240
2024-11-14 04:22:56,989 - root - INFO - CF Training: Epoch 0001 Iter 0314 / 0638 | Time 0.2s | Iter Loss 0.0195 | Iter Mean Loss 0.0240
2024-11-14 04:22:57,212 - root - INFO - CF Training: Epoch 0001 Iter 0315 / 0638 | Time 0.2s | Iter Loss 0.0217 | Iter Mean Loss 0.0240
2024-11-14 04:22:57,436 - root - INFO - CF Training: Epoch 0001 Iter 0316 / 0638 | Time 0.2s | Iter Loss 0.0224 | Iter Mean Loss 0.0240
2024-11-14 04:22:57,657 - root - INFO - CF Training: Epoch 0001 Iter 0317 / 0638 | Time 0.2s | Iter Loss 0.0201 | Iter Mean Loss 0.0240
2024-11-14 04:22:57,880 - root - INFO - CF Training: Epoch 0001 Iter 0318 / 0638 | Time 0.2s | Iter Loss 0.0217 | Iter Mean Loss 0.0240
2024-11-14 04:22:58,104 - root - INFO - CF Training: Epoch 0001 Iter 0319 / 0638 | Time 0.2s | Iter Loss 0.0280 | Iter Mean Loss 0.0240
2024-11-14 04:22:58,328 - root - INFO - CF Training: Epoch 0001 Iter 0320 / 0638 | Time 0.2s | Iter Loss 0.0263 | Iter Mean Loss 0.0240
2024-11-14 04:22:58,552 - root - INFO - CF Training: Epoch 0001 Iter 0321 / 0638 | Time 0.2s | Iter Loss 0.0235 | Iter Mean Loss 0.0240
2024-11-14 04:22:58,774 - root - INFO - CF Training: Epoch 0001 Iter 0322 / 0638 | Time 0.2s | Iter Loss 0.0240 | Iter Mean Loss 0.0240
2024-11-14 04:22:58,998 - root - INFO - CF Training: Epoch 0001 Iter 0323 / 0638 | Time 0.2s | Iter Loss 0.0278 | Iter Mean Loss 0.0240
2024-11-14 04:22:59,221 - root - INFO - CF Training: Epoch 0001 Iter 0324 / 0638 | Time 0.2s | Iter Loss 0.0231 | Iter Mean Loss 0.0240
2024-11-14 04:22:59,445 - root - INFO - CF Training: Epoch 0001 Iter 0325 / 0638 | Time 0.2s | Iter Loss 0.0255 | Iter Mean Loss 0.0240
2024-11-14 04:22:59,669 - root - INFO - CF Training: Epoch 0001 Iter 0326 / 0638 | Time 0.2s | Iter Loss 0.0219 | Iter Mean Loss 0.0240
2024-11-14 04:22:59,893 - root - INFO - CF Training: Epoch 0001 Iter 0327 / 0638 | Time 0.2s | Iter Loss 0.0207 | Iter Mean Loss 0.0240
2024-11-14 04:23:00,117 - root - INFO - CF Training: Epoch 0001 Iter 0328 / 0638 | Time 0.2s | Iter Loss 0.0298 | Iter Mean Loss 0.0240
2024-11-14 04:23:00,339 - root - INFO - CF Training: Epoch 0001 Iter 0329 / 0638 | Time 0.2s | Iter Loss 0.0210 | Iter Mean Loss 0.0240
2024-11-14 04:23:00,562 - root - INFO - CF Training: Epoch 0001 Iter 0330 / 0638 | Time 0.2s | Iter Loss 0.0209 | Iter Mean Loss 0.0240
2024-11-14 04:23:00,786 - root - INFO - CF Training: Epoch 0001 Iter 0331 / 0638 | Time 0.2s | Iter Loss 0.0272 | Iter Mean Loss 0.0240
2024-11-14 04:23:01,010 - root - INFO - CF Training: Epoch 0001 Iter 0332 / 0638 | Time 0.2s | Iter Loss 0.0245 | Iter Mean Loss 0.0240
2024-11-14 04:23:01,234 - root - INFO - CF Training: Epoch 0001 Iter 0333 / 0638 | Time 0.2s | Iter Loss 0.0227 | Iter Mean Loss 0.0240
2024-11-14 04:23:01,458 - root - INFO - CF Training: Epoch 0001 Iter 0334 / 0638 | Time 0.2s | Iter Loss 0.0205 | Iter Mean Loss 0.0240
2024-11-14 04:23:01,682 - root - INFO - CF Training: Epoch 0001 Iter 0335 / 0638 | Time 0.2s | Iter Loss 0.0264 | Iter Mean Loss 0.0240
2024-11-14 04:23:01,902 - root - INFO - CF Training: Epoch 0001 Iter 0336 / 0638 | Time 0.2s | Iter Loss 0.0227 | Iter Mean Loss 0.0240
2024-11-14 04:23:02,125 - root - INFO - CF Training: Epoch 0001 Iter 0337 / 0638 | Time 0.2s | Iter Loss 0.0237 | Iter Mean Loss 0.0240
2024-11-14 04:23:02,349 - root - INFO - CF Training: Epoch 0001 Iter 0338 / 0638 | Time 0.2s | Iter Loss 0.0241 | Iter Mean Loss 0.0240
2024-11-14 04:23:02,571 - root - INFO - CF Training: Epoch 0001 Iter 0339 / 0638 | Time 0.2s | Iter Loss 0.0281 | Iter Mean Loss 0.0240
2024-11-14 04:23:02,792 - root - INFO - CF Training: Epoch 0001 Iter 0340 / 0638 | Time 0.2s | Iter Loss 0.0211 | Iter Mean Loss 0.0240
2024-11-14 04:23:03,014 - root - INFO - CF Training: Epoch 0001 Iter 0341 / 0638 | Time 0.2s | Iter Loss 0.0241 | Iter Mean Loss 0.0240
2024-11-14 04:23:03,235 - root - INFO - CF Training: Epoch 0001 Iter 0342 / 0638 | Time 0.2s | Iter Loss 0.0230 | Iter Mean Loss 0.0240
2024-11-14 04:23:03,457 - root - INFO - CF Training: Epoch 0001 Iter 0343 / 0638 | Time 0.2s | Iter Loss 0.0220 | Iter Mean Loss 0.0240
2024-11-14 04:23:03,678 - root - INFO - CF Training: Epoch 0001 Iter 0344 / 0638 | Time 0.2s | Iter Loss 0.0223 | Iter Mean Loss 0.0240
2024-11-14 04:23:03,899 - root - INFO - CF Training: Epoch 0001 Iter 0345 / 0638 | Time 0.2s | Iter Loss 0.0209 | Iter Mean Loss 0.0240
2024-11-14 04:23:04,119 - root - INFO - CF Training: Epoch 0001 Iter 0346 / 0638 | Time 0.2s | Iter Loss 0.0234 | Iter Mean Loss 0.0240
2024-11-14 04:23:04,341 - root - INFO - CF Training: Epoch 0001 Iter 0347 / 0638 | Time 0.2s | Iter Loss 0.0228 | Iter Mean Loss 0.0240
2024-11-14 04:23:04,564 - root - INFO - CF Training: Epoch 0001 Iter 0348 / 0638 | Time 0.2s | Iter Loss 0.0277 | Iter Mean Loss 0.0240
2024-11-14 04:23:04,787 - root - INFO - CF Training: Epoch 0001 Iter 0349 / 0638 | Time 0.2s | Iter Loss 0.0214 | Iter Mean Loss 0.0240
2024-11-14 04:23:05,007 - root - INFO - CF Training: Epoch 0001 Iter 0350 / 0638 | Time 0.2s | Iter Loss 0.0226 | Iter Mean Loss 0.0240
2024-11-14 04:23:05,227 - root - INFO - CF Training: Epoch 0001 Iter 0351 / 0638 | Time 0.2s | Iter Loss 0.0250 | Iter Mean Loss 0.0240
2024-11-14 04:23:05,448 - root - INFO - CF Training: Epoch 0001 Iter 0352 / 0638 | Time 0.2s | Iter Loss 0.0243 | Iter Mean Loss 0.0240
2024-11-14 04:23:05,671 - root - INFO - CF Training: Epoch 0001 Iter 0353 / 0638 | Time 0.2s | Iter Loss 0.0210 | Iter Mean Loss 0.0240
2024-11-14 04:23:05,894 - root - INFO - CF Training: Epoch 0001 Iter 0354 / 0638 | Time 0.2s | Iter Loss 0.0224 | Iter Mean Loss 0.0240
2024-11-14 04:23:06,120 - root - INFO - CF Training: Epoch 0001 Iter 0355 / 0638 | Time 0.2s | Iter Loss 0.0231 | Iter Mean Loss 0.0240
2024-11-14 04:23:06,343 - root - INFO - CF Training: Epoch 0001 Iter 0356 / 0638 | Time 0.2s | Iter Loss 0.0260 | Iter Mean Loss 0.0240
2024-11-14 04:23:06,566 - root - INFO - CF Training: Epoch 0001 Iter 0357 / 0638 | Time 0.2s | Iter Loss 0.0202 | Iter Mean Loss 0.0240
2024-11-14 04:23:06,788 - root - INFO - CF Training: Epoch 0001 Iter 0358 / 0638 | Time 0.2s | Iter Loss 0.0209 | Iter Mean Loss 0.0240
2024-11-14 04:23:07,010 - root - INFO - CF Training: Epoch 0001 Iter 0359 / 0638 | Time 0.2s | Iter Loss 0.0215 | Iter Mean Loss 0.0240
2024-11-14 04:23:07,233 - root - INFO - CF Training: Epoch 0001 Iter 0360 / 0638 | Time 0.2s | Iter Loss 0.0211 | Iter Mean Loss 0.0239
2024-11-14 04:23:07,454 - root - INFO - CF Training: Epoch 0001 Iter 0361 / 0638 | Time 0.2s | Iter Loss 0.0238 | Iter Mean Loss 0.0239
2024-11-14 04:23:07,675 - root - INFO - CF Training: Epoch 0001 Iter 0362 / 0638 | Time 0.2s | Iter Loss 0.0212 | Iter Mean Loss 0.0239
2024-11-14 04:23:07,895 - root - INFO - CF Training: Epoch 0001 Iter 0363 / 0638 | Time 0.2s | Iter Loss 0.0256 | Iter Mean Loss 0.0239
2024-11-14 04:23:08,117 - root - INFO - CF Training: Epoch 0001 Iter 0364 / 0638 | Time 0.2s | Iter Loss 0.0208 | Iter Mean Loss 0.0239
2024-11-14 04:23:08,338 - root - INFO - CF Training: Epoch 0001 Iter 0365 / 0638 | Time 0.2s | Iter Loss 0.0159 | Iter Mean Loss 0.0239
2024-11-14 04:23:08,560 - root - INFO - CF Training: Epoch 0001 Iter 0366 / 0638 | Time 0.2s | Iter Loss 0.0224 | Iter Mean Loss 0.0239
2024-11-14 04:23:08,781 - root - INFO - CF Training: Epoch 0001 Iter 0367 / 0638 | Time 0.2s | Iter Loss 0.0203 | Iter Mean Loss 0.0239
2024-11-14 04:23:09,003 - root - INFO - CF Training: Epoch 0001 Iter 0368 / 0638 | Time 0.2s | Iter Loss 0.0267 | Iter Mean Loss 0.0239
2024-11-14 04:23:09,224 - root - INFO - CF Training: Epoch 0001 Iter 0369 / 0638 | Time 0.2s | Iter Loss 0.0262 | Iter Mean Loss 0.0239
2024-11-14 04:23:09,445 - root - INFO - CF Training: Epoch 0001 Iter 0370 / 0638 | Time 0.2s | Iter Loss 0.0247 | Iter Mean Loss 0.0239
2024-11-14 04:23:09,667 - root - INFO - CF Training: Epoch 0001 Iter 0371 / 0638 | Time 0.2s | Iter Loss 0.0188 | Iter Mean Loss 0.0239
2024-11-14 04:23:09,888 - root - INFO - CF Training: Epoch 0001 Iter 0372 / 0638 | Time 0.2s | Iter Loss 0.0227 | Iter Mean Loss 0.0239
2024-11-14 04:23:10,109 - root - INFO - CF Training: Epoch 0001 Iter 0373 / 0638 | Time 0.2s | Iter Loss 0.0224 | Iter Mean Loss 0.0239
2024-11-14 04:23:10,330 - root - INFO - CF Training: Epoch 0001 Iter 0374 / 0638 | Time 0.2s | Iter Loss 0.0245 | Iter Mean Loss 0.0239
2024-11-14 04:23:10,550 - root - INFO - CF Training: Epoch 0001 Iter 0375 / 0638 | Time 0.2s | Iter Loss 0.0222 | Iter Mean Loss 0.0239
2024-11-14 04:23:10,772 - root - INFO - CF Training: Epoch 0001 Iter 0376 / 0638 | Time 0.2s | Iter Loss 0.0236 | Iter Mean Loss 0.0239
2024-11-14 04:23:10,995 - root - INFO - CF Training: Epoch 0001 Iter 0377 / 0638 | Time 0.2s | Iter Loss 0.0247 | Iter Mean Loss 0.0239
2024-11-14 04:23:11,219 - root - INFO - CF Training: Epoch 0001 Iter 0378 / 0638 | Time 0.2s | Iter Loss 0.0241 | Iter Mean Loss 0.0239
2024-11-14 04:23:11,440 - root - INFO - CF Training: Epoch 0001 Iter 0379 / 0638 | Time 0.2s | Iter Loss 0.0217 | Iter Mean Loss 0.0239
2024-11-14 04:23:11,661 - root - INFO - CF Training: Epoch 0001 Iter 0380 / 0638 | Time 0.2s | Iter Loss 0.0211 | Iter Mean Loss 0.0239
2024-11-14 04:23:11,883 - root - INFO - CF Training: Epoch 0001 Iter 0381 / 0638 | Time 0.2s | Iter Loss 0.0224 | Iter Mean Loss 0.0239
2024-11-14 04:23:12,103 - root - INFO - CF Training: Epoch 0001 Iter 0382 / 0638 | Time 0.2s | Iter Loss 0.0243 | Iter Mean Loss 0.0239
2024-11-14 04:23:12,323 - root - INFO - CF Training: Epoch 0001 Iter 0383 / 0638 | Time 0.2s | Iter Loss 0.0246 | Iter Mean Loss 0.0239
2024-11-14 04:23:12,545 - root - INFO - CF Training: Epoch 0001 Iter 0384 / 0638 | Time 0.2s | Iter Loss 0.0233 | Iter Mean Loss 0.0239
2024-11-14 04:23:12,767 - root - INFO - CF Training: Epoch 0001 Iter 0385 / 0638 | Time 0.2s | Iter Loss 0.0192 | Iter Mean Loss 0.0239
2024-11-14 04:23:12,988 - root - INFO - CF Training: Epoch 0001 Iter 0386 / 0638 | Time 0.2s | Iter Loss 0.0266 | Iter Mean Loss 0.0239
2024-11-14 04:23:13,207 - root - INFO - CF Training: Epoch 0001 Iter 0387 / 0638 | Time 0.2s | Iter Loss 0.0224 | Iter Mean Loss 0.0239
2024-11-14 04:23:13,428 - root - INFO - CF Training: Epoch 0001 Iter 0388 / 0638 | Time 0.2s | Iter Loss 0.0247 | Iter Mean Loss 0.0239
2024-11-14 04:23:13,649 - root - INFO - CF Training: Epoch 0001 Iter 0389 / 0638 | Time 0.2s | Iter Loss 0.0259 | Iter Mean Loss 0.0239
2024-11-14 04:23:13,872 - root - INFO - CF Training: Epoch 0001 Iter 0390 / 0638 | Time 0.2s | Iter Loss 0.0292 | Iter Mean Loss 0.0239
2024-11-14 04:23:14,094 - root - INFO - CF Training: Epoch 0001 Iter 0391 / 0638 | Time 0.2s | Iter Loss 0.0262 | Iter Mean Loss 0.0239
2024-11-14 04:23:14,318 - root - INFO - CF Training: Epoch 0001 Iter 0392 / 0638 | Time 0.2s | Iter Loss 0.0215 | Iter Mean Loss 0.0239
2024-11-14 04:23:14,546 - root - INFO - CF Training: Epoch 0001 Iter 0393 / 0638 | Time 0.2s | Iter Loss 0.0279 | Iter Mean Loss 0.0239
2024-11-14 04:23:14,772 - root - INFO - CF Training: Epoch 0001 Iter 0394 / 0638 | Time 0.2s | Iter Loss 0.0231 | Iter Mean Loss 0.0239
2024-11-14 04:23:14,993 - root - INFO - CF Training: Epoch 0001 Iter 0395 / 0638 | Time 0.2s | Iter Loss 0.0241 | Iter Mean Loss 0.0239
2024-11-14 04:23:15,217 - root - INFO - CF Training: Epoch 0001 Iter 0396 / 0638 | Time 0.2s | Iter Loss 0.0220 | Iter Mean Loss 0.0239
2024-11-14 04:23:15,444 - root - INFO - CF Training: Epoch 0001 Iter 0397 / 0638 | Time 0.2s | Iter Loss 0.0236 | Iter Mean Loss 0.0239
2024-11-14 04:23:15,666 - root - INFO - CF Training: Epoch 0001 Iter 0398 / 0638 | Time 0.2s | Iter Loss 0.0230 | Iter Mean Loss 0.0239
2024-11-14 04:23:15,888 - root - INFO - CF Training: Epoch 0001 Iter 0399 / 0638 | Time 0.2s | Iter Loss 0.0269 | Iter Mean Loss 0.0239
2024-11-14 04:23:16,111 - root - INFO - CF Training: Epoch 0001 Iter 0400 / 0638 | Time 0.2s | Iter Loss 0.0239 | Iter Mean Loss 0.0239
2024-11-14 04:23:16,333 - root - INFO - CF Training: Epoch 0001 Iter 0401 / 0638 | Time 0.2s | Iter Loss 0.0244 | Iter Mean Loss 0.0239
2024-11-14 04:23:16,556 - root - INFO - CF Training: Epoch 0001 Iter 0402 / 0638 | Time 0.2s | Iter Loss 0.0180 | Iter Mean Loss 0.0239
2024-11-14 04:23:16,780 - root - INFO - CF Training: Epoch 0001 Iter 0403 / 0638 | Time 0.2s | Iter Loss 0.0234 | Iter Mean Loss 0.0239
2024-11-14 04:23:17,003 - root - INFO - CF Training: Epoch 0001 Iter 0404 / 0638 | Time 0.2s | Iter Loss 0.0231 | Iter Mean Loss 0.0239
2024-11-14 04:23:17,228 - root - INFO - CF Training: Epoch 0001 Iter 0405 / 0638 | Time 0.2s | Iter Loss 0.0278 | Iter Mean Loss 0.0239
2024-11-14 04:23:17,451 - root - INFO - CF Training: Epoch 0001 Iter 0406 / 0638 | Time 0.2s | Iter Loss 0.0200 | Iter Mean Loss 0.0239
2024-11-14 04:23:17,677 - root - INFO - CF Training: Epoch 0001 Iter 0407 / 0638 | Time 0.2s | Iter Loss 0.0226 | Iter Mean Loss 0.0239
2024-11-14 04:23:17,899 - root - INFO - CF Training: Epoch 0001 Iter 0408 / 0638 | Time 0.2s | Iter Loss 0.0286 | Iter Mean Loss 0.0239
2024-11-14 04:23:18,120 - root - INFO - CF Training: Epoch 0001 Iter 0409 / 0638 | Time 0.2s | Iter Loss 0.0187 | Iter Mean Loss 0.0239
2024-11-14 04:23:18,339 - root - INFO - CF Training: Epoch 0001 Iter 0410 / 0638 | Time 0.2s | Iter Loss 0.0241 | Iter Mean Loss 0.0239
2024-11-14 04:23:18,560 - root - INFO - CF Training: Epoch 0001 Iter 0411 / 0638 | Time 0.2s | Iter Loss 0.0232 | Iter Mean Loss 0.0239
2024-11-14 04:23:18,780 - root - INFO - CF Training: Epoch 0001 Iter 0412 / 0638 | Time 0.2s | Iter Loss 0.0255 | Iter Mean Loss 0.0239
2024-11-14 04:23:19,000 - root - INFO - CF Training: Epoch 0001 Iter 0413 / 0638 | Time 0.2s | Iter Loss 0.0252 | Iter Mean Loss 0.0239
2024-11-14 04:23:19,222 - root - INFO - CF Training: Epoch 0001 Iter 0414 / 0638 | Time 0.2s | Iter Loss 0.0189 | Iter Mean Loss 0.0239
2024-11-14 04:23:19,443 - root - INFO - CF Training: Epoch 0001 Iter 0415 / 0638 | Time 0.2s | Iter Loss 0.0213 | Iter Mean Loss 0.0239
2024-11-14 04:23:19,665 - root - INFO - CF Training: Epoch 0001 Iter 0416 / 0638 | Time 0.2s | Iter Loss 0.0211 | Iter Mean Loss 0.0239
2024-11-14 04:23:19,887 - root - INFO - CF Training: Epoch 0001 Iter 0417 / 0638 | Time 0.2s | Iter Loss 0.0232 | Iter Mean Loss 0.0239
2024-11-14 04:23:20,107 - root - INFO - CF Training: Epoch 0001 Iter 0418 / 0638 | Time 0.2s | Iter Loss 0.0223 | Iter Mean Loss 0.0239
2024-11-14 04:23:20,330 - root - INFO - CF Training: Epoch 0001 Iter 0419 / 0638 | Time 0.2s | Iter Loss 0.0203 | Iter Mean Loss 0.0238
2024-11-14 04:23:20,552 - root - INFO - CF Training: Epoch 0001 Iter 0420 / 0638 | Time 0.2s | Iter Loss 0.0181 | Iter Mean Loss 0.0238
2024-11-14 04:23:20,772 - root - INFO - CF Training: Epoch 0001 Iter 0421 / 0638 | Time 0.2s | Iter Loss 0.0275 | Iter Mean Loss 0.0238
2024-11-14 04:23:20,996 - root - INFO - CF Training: Epoch 0001 Iter 0422 / 0638 | Time 0.2s | Iter Loss 0.0206 | Iter Mean Loss 0.0238
2024-11-14 04:23:21,219 - root - INFO - CF Training: Epoch 0001 Iter 0423 / 0638 | Time 0.2s | Iter Loss 0.0202 | Iter Mean Loss 0.0238
2024-11-14 04:23:21,439 - root - INFO - CF Training: Epoch 0001 Iter 0424 / 0638 | Time 0.2s | Iter Loss 0.0213 | Iter Mean Loss 0.0238
2024-11-14 04:23:21,660 - root - INFO - CF Training: Epoch 0001 Iter 0425 / 0638 | Time 0.2s | Iter Loss 0.0194 | Iter Mean Loss 0.0238
2024-11-14 04:23:21,884 - root - INFO - CF Training: Epoch 0001 Iter 0426 / 0638 | Time 0.2s | Iter Loss 0.0194 | Iter Mean Loss 0.0238
2024-11-14 04:23:22,106 - root - INFO - CF Training: Epoch 0001 Iter 0427 / 0638 | Time 0.2s | Iter Loss 0.0229 | Iter Mean Loss 0.0238
2024-11-14 04:23:22,330 - root - INFO - CF Training: Epoch 0001 Iter 0428 / 0638 | Time 0.2s | Iter Loss 0.0238 | Iter Mean Loss 0.0238
2024-11-14 04:23:22,554 - root - INFO - CF Training: Epoch 0001 Iter 0429 / 0638 | Time 0.2s | Iter Loss 0.0202 | Iter Mean Loss 0.0238
2024-11-14 04:23:22,774 - root - INFO - CF Training: Epoch 0001 Iter 0430 / 0638 | Time 0.2s | Iter Loss 0.0214 | Iter Mean Loss 0.0238
2024-11-14 04:23:22,995 - root - INFO - CF Training: Epoch 0001 Iter 0431 / 0638 | Time 0.2s | Iter Loss 0.0218 | Iter Mean Loss 0.0238
2024-11-14 04:23:23,217 - root - INFO - CF Training: Epoch 0001 Iter 0432 / 0638 | Time 0.2s | Iter Loss 0.0224 | Iter Mean Loss 0.0238
2024-11-14 04:23:23,439 - root - INFO - CF Training: Epoch 0001 Iter 0433 / 0638 | Time 0.2s | Iter Loss 0.0184 | Iter Mean Loss 0.0238
2024-11-14 04:23:23,660 - root - INFO - CF Training: Epoch 0001 Iter 0434 / 0638 | Time 0.2s | Iter Loss 0.0235 | Iter Mean Loss 0.0238
2024-11-14 04:23:23,884 - root - INFO - CF Training: Epoch 0001 Iter 0435 / 0638 | Time 0.2s | Iter Loss 0.0258 | Iter Mean Loss 0.0238
2024-11-14 04:23:24,107 - root - INFO - CF Training: Epoch 0001 Iter 0436 / 0638 | Time 0.2s | Iter Loss 0.0195 | Iter Mean Loss 0.0238
2024-11-14 04:23:24,330 - root - INFO - CF Training: Epoch 0001 Iter 0437 / 0638 | Time 0.2s | Iter Loss 0.0265 | Iter Mean Loss 0.0238
2024-11-14 04:23:24,552 - root - INFO - CF Training: Epoch 0001 Iter 0438 / 0638 | Time 0.2s | Iter Loss 0.0175 | Iter Mean Loss 0.0237
2024-11-14 04:23:24,774 - root - INFO - CF Training: Epoch 0001 Iter 0439 / 0638 | Time 0.2s | Iter Loss 0.0198 | Iter Mean Loss 0.0237
2024-11-14 04:23:24,996 - root - INFO - CF Training: Epoch 0001 Iter 0440 / 0638 | Time 0.2s | Iter Loss 0.0261 | Iter Mean Loss 0.0237
2024-11-14 04:23:25,217 - root - INFO - CF Training: Epoch 0001 Iter 0441 / 0638 | Time 0.2s | Iter Loss 0.0223 | Iter Mean Loss 0.0237
2024-11-14 04:23:25,439 - root - INFO - CF Training: Epoch 0001 Iter 0442 / 0638 | Time 0.2s | Iter Loss 0.0264 | Iter Mean Loss 0.0237
2024-11-14 04:23:25,660 - root - INFO - CF Training: Epoch 0001 Iter 0443 / 0638 | Time 0.2s | Iter Loss 0.0218 | Iter Mean Loss 0.0237
2024-11-14 04:23:25,882 - root - INFO - CF Training: Epoch 0001 Iter 0444 / 0638 | Time 0.2s | Iter Loss 0.0224 | Iter Mean Loss 0.0237
2024-11-14 04:23:26,102 - root - INFO - CF Training: Epoch 0001 Iter 0445 / 0638 | Time 0.2s | Iter Loss 0.0263 | Iter Mean Loss 0.0237
2024-11-14 04:23:26,323 - root - INFO - CF Training: Epoch 0001 Iter 0446 / 0638 | Time 0.2s | Iter Loss 0.0223 | Iter Mean Loss 0.0237
2024-11-14 04:23:26,546 - root - INFO - CF Training: Epoch 0001 Iter 0447 / 0638 | Time 0.2s | Iter Loss 0.0246 | Iter Mean Loss 0.0237
2024-11-14 04:23:26,767 - root - INFO - CF Training: Epoch 0001 Iter 0448 / 0638 | Time 0.2s | Iter Loss 0.0283 | Iter Mean Loss 0.0238
2024-11-14 04:23:26,989 - root - INFO - CF Training: Epoch 0001 Iter 0449 / 0638 | Time 0.2s | Iter Loss 0.0269 | Iter Mean Loss 0.0238
2024-11-14 04:23:27,211 - root - INFO - CF Training: Epoch 0001 Iter 0450 / 0638 | Time 0.2s | Iter Loss 0.0247 | Iter Mean Loss 0.0238
2024-11-14 04:23:27,433 - root - INFO - CF Training: Epoch 0001 Iter 0451 / 0638 | Time 0.2s | Iter Loss 0.0201 | Iter Mean Loss 0.0238
2024-11-14 04:23:27,655 - root - INFO - CF Training: Epoch 0001 Iter 0452 / 0638 | Time 0.2s | Iter Loss 0.0314 | Iter Mean Loss 0.0238
2024-11-14 04:23:27,877 - root - INFO - CF Training: Epoch 0001 Iter 0453 / 0638 | Time 0.2s | Iter Loss 0.0205 | Iter Mean Loss 0.0238
2024-11-14 04:23:28,099 - root - INFO - CF Training: Epoch 0001 Iter 0454 / 0638 | Time 0.2s | Iter Loss 0.0248 | Iter Mean Loss 0.0238
2024-11-14 04:23:28,321 - root - INFO - CF Training: Epoch 0001 Iter 0455 / 0638 | Time 0.2s | Iter Loss 0.0212 | Iter Mean Loss 0.0238
2024-11-14 04:23:28,542 - root - INFO - CF Training: Epoch 0001 Iter 0456 / 0638 | Time 0.2s | Iter Loss 0.0224 | Iter Mean Loss 0.0238
2024-11-14 04:23:28,764 - root - INFO - CF Training: Epoch 0001 Iter 0457 / 0638 | Time 0.2s | Iter Loss 0.0286 | Iter Mean Loss 0.0238
2024-11-14 04:23:28,986 - root - INFO - CF Training: Epoch 0001 Iter 0458 / 0638 | Time 0.2s | Iter Loss 0.0224 | Iter Mean Loss 0.0238
2024-11-14 04:23:29,208 - root - INFO - CF Training: Epoch 0001 Iter 0459 / 0638 | Time 0.2s | Iter Loss 0.0202 | Iter Mean Loss 0.0238
2024-11-14 04:23:29,428 - root - INFO - CF Training: Epoch 0001 Iter 0460 / 0638 | Time 0.2s | Iter Loss 0.0263 | Iter Mean Loss 0.0238
2024-11-14 04:23:29,651 - root - INFO - CF Training: Epoch 0001 Iter 0461 / 0638 | Time 0.2s | Iter Loss 0.0197 | Iter Mean Loss 0.0238
2024-11-14 04:23:29,873 - root - INFO - CF Training: Epoch 0001 Iter 0462 / 0638 | Time 0.2s | Iter Loss 0.0244 | Iter Mean Loss 0.0238
2024-11-14 04:23:30,095 - root - INFO - CF Training: Epoch 0001 Iter 0463 / 0638 | Time 0.2s | Iter Loss 0.0224 | Iter Mean Loss 0.0238
2024-11-14 04:23:30,325 - root - INFO - CF Training: Epoch 0001 Iter 0464 / 0638 | Time 0.2s | Iter Loss 0.0244 | Iter Mean Loss 0.0238
2024-11-14 04:23:30,549 - root - INFO - CF Training: Epoch 0001 Iter 0465 / 0638 | Time 0.2s | Iter Loss 0.0249 | Iter Mean Loss 0.0238
2024-11-14 04:23:30,773 - root - INFO - CF Training: Epoch 0001 Iter 0466 / 0638 | Time 0.2s | Iter Loss 0.0250 | Iter Mean Loss 0.0238
2024-11-14 04:23:30,996 - root - INFO - CF Training: Epoch 0001 Iter 0467 / 0638 | Time 0.2s | Iter Loss 0.0259 | Iter Mean Loss 0.0238
2024-11-14 04:23:31,219 - root - INFO - CF Training: Epoch 0001 Iter 0468 / 0638 | Time 0.2s | Iter Loss 0.0253 | Iter Mean Loss 0.0238
2024-11-14 04:23:31,441 - root - INFO - CF Training: Epoch 0001 Iter 0469 / 0638 | Time 0.2s | Iter Loss 0.0232 | Iter Mean Loss 0.0238
2024-11-14 04:23:31,664 - root - INFO - CF Training: Epoch 0001 Iter 0470 / 0638 | Time 0.2s | Iter Loss 0.0189 | Iter Mean Loss 0.0238
2024-11-14 04:23:31,888 - root - INFO - CF Training: Epoch 0001 Iter 0471 / 0638 | Time 0.2s | Iter Loss 0.0221 | Iter Mean Loss 0.0238
2024-11-14 04:23:32,113 - root - INFO - CF Training: Epoch 0001 Iter 0472 / 0638 | Time 0.2s | Iter Loss 0.0262 | Iter Mean Loss 0.0238
2024-11-14 04:23:32,336 - root - INFO - CF Training: Epoch 0001 Iter 0473 / 0638 | Time 0.2s | Iter Loss 0.0225 | Iter Mean Loss 0.0238
2024-11-14 04:23:32,559 - root - INFO - CF Training: Epoch 0001 Iter 0474 / 0638 | Time 0.2s | Iter Loss 0.0266 | Iter Mean Loss 0.0238
2024-11-14 04:23:32,783 - root - INFO - CF Training: Epoch 0001 Iter 0475 / 0638 | Time 0.2s | Iter Loss 0.0251 | Iter Mean Loss 0.0238
2024-11-14 04:23:33,006 - root - INFO - CF Training: Epoch 0001 Iter 0476 / 0638 | Time 0.2s | Iter Loss 0.0248 | Iter Mean Loss 0.0238
2024-11-14 04:23:33,229 - root - INFO - CF Training: Epoch 0001 Iter 0477 / 0638 | Time 0.2s | Iter Loss 0.0221 | Iter Mean Loss 0.0238
2024-11-14 04:23:33,453 - root - INFO - CF Training: Epoch 0001 Iter 0478 / 0638 | Time 0.2s | Iter Loss 0.0236 | Iter Mean Loss 0.0238
2024-11-14 04:23:33,676 - root - INFO - CF Training: Epoch 0001 Iter 0479 / 0638 | Time 0.2s | Iter Loss 0.0193 | Iter Mean Loss 0.0238
2024-11-14 04:23:33,900 - root - INFO - CF Training: Epoch 0001 Iter 0480 / 0638 | Time 0.2s | Iter Loss 0.0257 | Iter Mean Loss 0.0238
2024-11-14 04:23:34,123 - root - INFO - CF Training: Epoch 0001 Iter 0481 / 0638 | Time 0.2s | Iter Loss 0.0256 | Iter Mean Loss 0.0238
2024-11-14 04:23:34,348 - root - INFO - CF Training: Epoch 0001 Iter 0482 / 0638 | Time 0.2s | Iter Loss 0.0217 | Iter Mean Loss 0.0238
2024-11-14 04:23:34,572 - root - INFO - CF Training: Epoch 0001 Iter 0483 / 0638 | Time 0.2s | Iter Loss 0.0238 | Iter Mean Loss 0.0238
2024-11-14 04:23:34,797 - root - INFO - CF Training: Epoch 0001 Iter 0484 / 0638 | Time 0.2s | Iter Loss 0.0249 | Iter Mean Loss 0.0238
2024-11-14 04:23:35,021 - root - INFO - CF Training: Epoch 0001 Iter 0485 / 0638 | Time 0.2s | Iter Loss 0.0262 | Iter Mean Loss 0.0238
2024-11-14 04:23:35,245 - root - INFO - CF Training: Epoch 0001 Iter 0486 / 0638 | Time 0.2s | Iter Loss 0.0203 | Iter Mean Loss 0.0238
2024-11-14 04:23:35,468 - root - INFO - CF Training: Epoch 0001 Iter 0487 / 0638 | Time 0.2s | Iter Loss 0.0233 | Iter Mean Loss 0.0238
2024-11-14 04:23:35,691 - root - INFO - CF Training: Epoch 0001 Iter 0488 / 0638 | Time 0.2s | Iter Loss 0.0223 | Iter Mean Loss 0.0238
2024-11-14 04:23:35,917 - root - INFO - CF Training: Epoch 0001 Iter 0489 / 0638 | Time 0.2s | Iter Loss 0.0234 | Iter Mean Loss 0.0238
2024-11-14 04:23:36,141 - root - INFO - CF Training: Epoch 0001 Iter 0490 / 0638 | Time 0.2s | Iter Loss 0.0234 | Iter Mean Loss 0.0238
2024-11-14 04:23:36,364 - root - INFO - CF Training: Epoch 0001 Iter 0491 / 0638 | Time 0.2s | Iter Loss 0.0190 | Iter Mean Loss 0.0237
2024-11-14 04:23:36,589 - root - INFO - CF Training: Epoch 0001 Iter 0492 / 0638 | Time 0.2s | Iter Loss 0.0199 | Iter Mean Loss 0.0237
2024-11-14 04:23:36,813 - root - INFO - CF Training: Epoch 0001 Iter 0493 / 0638 | Time 0.2s | Iter Loss 0.0249 | Iter Mean Loss 0.0237
2024-11-14 04:23:37,036 - root - INFO - CF Training: Epoch 0001 Iter 0494 / 0638 | Time 0.2s | Iter Loss 0.0257 | Iter Mean Loss 0.0237
2024-11-14 04:23:37,259 - root - INFO - CF Training: Epoch 0001 Iter 0495 / 0638 | Time 0.2s | Iter Loss 0.0176 | Iter Mean Loss 0.0237
2024-11-14 04:23:37,482 - root - INFO - CF Training: Epoch 0001 Iter 0496 / 0638 | Time 0.2s | Iter Loss 0.0272 | Iter Mean Loss 0.0237
2024-11-14 04:23:37,705 - root - INFO - CF Training: Epoch 0001 Iter 0497 / 0638 | Time 0.2s | Iter Loss 0.0219 | Iter Mean Loss 0.0237
2024-11-14 04:23:37,927 - root - INFO - CF Training: Epoch 0001 Iter 0498 / 0638 | Time 0.2s | Iter Loss 0.0215 | Iter Mean Loss 0.0237
2024-11-14 04:23:38,152 - root - INFO - CF Training: Epoch 0001 Iter 0499 / 0638 | Time 0.2s | Iter Loss 0.0208 | Iter Mean Loss 0.0237
2024-11-14 04:23:38,375 - root - INFO - CF Training: Epoch 0001 Iter 0500 / 0638 | Time 0.2s | Iter Loss 0.0227 | Iter Mean Loss 0.0237
2024-11-14 04:23:38,598 - root - INFO - CF Training: Epoch 0001 Iter 0501 / 0638 | Time 0.2s | Iter Loss 0.0199 | Iter Mean Loss 0.0237
2024-11-14 04:23:38,820 - root - INFO - CF Training: Epoch 0001 Iter 0502 / 0638 | Time 0.2s | Iter Loss 0.0231 | Iter Mean Loss 0.0237
2024-11-14 04:23:39,043 - root - INFO - CF Training: Epoch 0001 Iter 0503 / 0638 | Time 0.2s | Iter Loss 0.0260 | Iter Mean Loss 0.0237
2024-11-14 04:23:39,267 - root - INFO - CF Training: Epoch 0001 Iter 0504 / 0638 | Time 0.2s | Iter Loss 0.0224 | Iter Mean Loss 0.0237
2024-11-14 04:23:39,490 - root - INFO - CF Training: Epoch 0001 Iter 0505 / 0638 | Time 0.2s | Iter Loss 0.0233 | Iter Mean Loss 0.0237
2024-11-14 04:23:39,714 - root - INFO - CF Training: Epoch 0001 Iter 0506 / 0638 | Time 0.2s | Iter Loss 0.0308 | Iter Mean Loss 0.0237
2024-11-14 04:23:39,936 - root - INFO - CF Training: Epoch 0001 Iter 0507 / 0638 | Time 0.2s | Iter Loss 0.0255 | Iter Mean Loss 0.0237
2024-11-14 04:23:40,161 - root - INFO - CF Training: Epoch 0001 Iter 0508 / 0638 | Time 0.2s | Iter Loss 0.0205 | Iter Mean Loss 0.0237
2024-11-14 04:23:40,385 - root - INFO - CF Training: Epoch 0001 Iter 0509 / 0638 | Time 0.2s | Iter Loss 0.0209 | Iter Mean Loss 0.0237
2024-11-14 04:23:40,607 - root - INFO - CF Training: Epoch 0001 Iter 0510 / 0638 | Time 0.2s | Iter Loss 0.0253 | Iter Mean Loss 0.0237
2024-11-14 04:23:40,831 - root - INFO - CF Training: Epoch 0001 Iter 0511 / 0638 | Time 0.2s | Iter Loss 0.0232 | Iter Mean Loss 0.0237
2024-11-14 04:23:41,054 - root - INFO - CF Training: Epoch 0001 Iter 0512 / 0638 | Time 0.2s | Iter Loss 0.0216 | Iter Mean Loss 0.0237
2024-11-14 04:23:41,276 - root - INFO - CF Training: Epoch 0001 Iter 0513 / 0638 | Time 0.2s | Iter Loss 0.0191 | Iter Mean Loss 0.0237
2024-11-14 04:23:41,497 - root - INFO - CF Training: Epoch 0001 Iter 0514 / 0638 | Time 0.2s | Iter Loss 0.0236 | Iter Mean Loss 0.0237
2024-11-14 04:23:41,722 - root - INFO - CF Training: Epoch 0001 Iter 0515 / 0638 | Time 0.2s | Iter Loss 0.0224 | Iter Mean Loss 0.0237
2024-11-14 04:23:41,945 - root - INFO - CF Training: Epoch 0001 Iter 0516 / 0638 | Time 0.2s | Iter Loss 0.0199 | Iter Mean Loss 0.0237
2024-11-14 04:23:42,168 - root - INFO - CF Training: Epoch 0001 Iter 0517 / 0638 | Time 0.2s | Iter Loss 0.0235 | Iter Mean Loss 0.0237
2024-11-14 04:23:42,390 - root - INFO - CF Training: Epoch 0001 Iter 0518 / 0638 | Time 0.2s | Iter Loss 0.0230 | Iter Mean Loss 0.0237
2024-11-14 04:23:42,613 - root - INFO - CF Training: Epoch 0001 Iter 0519 / 0638 | Time 0.2s | Iter Loss 0.0205 | Iter Mean Loss 0.0237
2024-11-14 04:23:42,836 - root - INFO - CF Training: Epoch 0001 Iter 0520 / 0638 | Time 0.2s | Iter Loss 0.0231 | Iter Mean Loss 0.0237
2024-11-14 04:23:43,059 - root - INFO - CF Training: Epoch 0001 Iter 0521 / 0638 | Time 0.2s | Iter Loss 0.0187 | Iter Mean Loss 0.0237
2024-11-14 04:23:43,281 - root - INFO - CF Training: Epoch 0001 Iter 0522 / 0638 | Time 0.2s | Iter Loss 0.0216 | Iter Mean Loss 0.0237
2024-11-14 04:23:43,504 - root - INFO - CF Training: Epoch 0001 Iter 0523 / 0638 | Time 0.2s | Iter Loss 0.0213 | Iter Mean Loss 0.0237
2024-11-14 04:23:43,726 - root - INFO - CF Training: Epoch 0001 Iter 0524 / 0638 | Time 0.2s | Iter Loss 0.0224 | Iter Mean Loss 0.0237
2024-11-14 04:23:43,948 - root - INFO - CF Training: Epoch 0001 Iter 0525 / 0638 | Time 0.2s | Iter Loss 0.0239 | Iter Mean Loss 0.0237
2024-11-14 04:23:44,171 - root - INFO - CF Training: Epoch 0001 Iter 0526 / 0638 | Time 0.2s | Iter Loss 0.0221 | Iter Mean Loss 0.0237
2024-11-14 04:23:44,394 - root - INFO - CF Training: Epoch 0001 Iter 0527 / 0638 | Time 0.2s | Iter Loss 0.0233 | Iter Mean Loss 0.0237
2024-11-14 04:23:44,616 - root - INFO - CF Training: Epoch 0001 Iter 0528 / 0638 | Time 0.2s | Iter Loss 0.0255 | Iter Mean Loss 0.0237
2024-11-14 04:23:44,838 - root - INFO - CF Training: Epoch 0001 Iter 0529 / 0638 | Time 0.2s | Iter Loss 0.0233 | Iter Mean Loss 0.0237
2024-11-14 04:23:45,059 - root - INFO - CF Training: Epoch 0001 Iter 0530 / 0638 | Time 0.2s | Iter Loss 0.0208 | Iter Mean Loss 0.0237
2024-11-14 04:23:45,280 - root - INFO - CF Training: Epoch 0001 Iter 0531 / 0638 | Time 0.2s | Iter Loss 0.0207 | Iter Mean Loss 0.0237
2024-11-14 04:23:45,502 - root - INFO - CF Training: Epoch 0001 Iter 0532 / 0638 | Time 0.2s | Iter Loss 0.0190 | Iter Mean Loss 0.0236
2024-11-14 04:23:45,725 - root - INFO - CF Training: Epoch 0001 Iter 0533 / 0638 | Time 0.2s | Iter Loss 0.0254 | Iter Mean Loss 0.0236
2024-11-14 04:23:45,951 - root - INFO - CF Training: Epoch 0001 Iter 0534 / 0638 | Time 0.2s | Iter Loss 0.0225 | Iter Mean Loss 0.0236
2024-11-14 04:23:46,172 - root - INFO - CF Training: Epoch 0001 Iter 0535 / 0638 | Time 0.2s | Iter Loss 0.0245 | Iter Mean Loss 0.0236
2024-11-14 04:23:46,394 - root - INFO - CF Training: Epoch 0001 Iter 0536 / 0638 | Time 0.2s | Iter Loss 0.0237 | Iter Mean Loss 0.0236
2024-11-14 04:23:46,616 - root - INFO - CF Training: Epoch 0001 Iter 0537 / 0638 | Time 0.2s | Iter Loss 0.0229 | Iter Mean Loss 0.0236
2024-11-14 04:23:46,836 - root - INFO - CF Training: Epoch 0001 Iter 0538 / 0638 | Time 0.2s | Iter Loss 0.0205 | Iter Mean Loss 0.0236
2024-11-14 04:23:47,059 - root - INFO - CF Training: Epoch 0001 Iter 0539 / 0638 | Time 0.2s | Iter Loss 0.0223 | Iter Mean Loss 0.0236
2024-11-14 04:23:47,282 - root - INFO - CF Training: Epoch 0001 Iter 0540 / 0638 | Time 0.2s | Iter Loss 0.0203 | Iter Mean Loss 0.0236
2024-11-14 04:23:47,505 - root - INFO - CF Training: Epoch 0001 Iter 0541 / 0638 | Time 0.2s | Iter Loss 0.0216 | Iter Mean Loss 0.0236
2024-11-14 04:23:47,729 - root - INFO - CF Training: Epoch 0001 Iter 0542 / 0638 | Time 0.2s | Iter Loss 0.0242 | Iter Mean Loss 0.0236
2024-11-14 04:23:47,952 - root - INFO - CF Training: Epoch 0001 Iter 0543 / 0638 | Time 0.2s | Iter Loss 0.0209 | Iter Mean Loss 0.0236
2024-11-14 04:23:48,175 - root - INFO - CF Training: Epoch 0001 Iter 0544 / 0638 | Time 0.2s | Iter Loss 0.0224 | Iter Mean Loss 0.0236
2024-11-14 04:23:48,399 - root - INFO - CF Training: Epoch 0001 Iter 0545 / 0638 | Time 0.2s | Iter Loss 0.0221 | Iter Mean Loss 0.0236
2024-11-14 04:23:48,622 - root - INFO - CF Training: Epoch 0001 Iter 0546 / 0638 | Time 0.2s | Iter Loss 0.0243 | Iter Mean Loss 0.0236
2024-11-14 04:23:48,846 - root - INFO - CF Training: Epoch 0001 Iter 0547 / 0638 | Time 0.2s | Iter Loss 0.0218 | Iter Mean Loss 0.0236
2024-11-14 04:23:49,069 - root - INFO - CF Training: Epoch 0001 Iter 0548 / 0638 | Time 0.2s | Iter Loss 0.0239 | Iter Mean Loss 0.0236
2024-11-14 04:23:49,293 - root - INFO - CF Training: Epoch 0001 Iter 0549 / 0638 | Time 0.2s | Iter Loss 0.0193 | Iter Mean Loss 0.0236
2024-11-14 04:23:49,518 - root - INFO - CF Training: Epoch 0001 Iter 0550 / 0638 | Time 0.2s | Iter Loss 0.0250 | Iter Mean Loss 0.0236
2024-11-14 04:23:49,741 - root - INFO - CF Training: Epoch 0001 Iter 0551 / 0638 | Time 0.2s | Iter Loss 0.0202 | Iter Mean Loss 0.0236
2024-11-14 04:23:49,965 - root - INFO - CF Training: Epoch 0001 Iter 0552 / 0638 | Time 0.2s | Iter Loss 0.0250 | Iter Mean Loss 0.0236
2024-11-14 04:23:50,187 - root - INFO - CF Training: Epoch 0001 Iter 0553 / 0638 | Time 0.2s | Iter Loss 0.0181 | Iter Mean Loss 0.0236
2024-11-14 04:23:50,412 - root - INFO - CF Training: Epoch 0001 Iter 0554 / 0638 | Time 0.2s | Iter Loss 0.0235 | Iter Mean Loss 0.0236
2024-11-14 04:23:50,634 - root - INFO - CF Training: Epoch 0001 Iter 0555 / 0638 | Time 0.2s | Iter Loss 0.0263 | Iter Mean Loss 0.0236
2024-11-14 04:23:50,857 - root - INFO - CF Training: Epoch 0001 Iter 0556 / 0638 | Time 0.2s | Iter Loss 0.0212 | Iter Mean Loss 0.0236
2024-11-14 04:23:51,081 - root - INFO - CF Training: Epoch 0001 Iter 0557 / 0638 | Time 0.2s | Iter Loss 0.0262 | Iter Mean Loss 0.0236
2024-11-14 04:23:51,305 - root - INFO - CF Training: Epoch 0001 Iter 0558 / 0638 | Time 0.2s | Iter Loss 0.0201 | Iter Mean Loss 0.0236
2024-11-14 04:23:51,524 - root - INFO - CF Training: Epoch 0001 Iter 0559 / 0638 | Time 0.2s | Iter Loss 0.0192 | Iter Mean Loss 0.0236
2024-11-14 04:23:51,746 - root - INFO - CF Training: Epoch 0001 Iter 0560 / 0638 | Time 0.2s | Iter Loss 0.0224 | Iter Mean Loss 0.0236
2024-11-14 04:23:51,969 - root - INFO - CF Training: Epoch 0001 Iter 0561 / 0638 | Time 0.2s | Iter Loss 0.0207 | Iter Mean Loss 0.0236
2024-11-14 04:23:52,191 - root - INFO - CF Training: Epoch 0001 Iter 0562 / 0638 | Time 0.2s | Iter Loss 0.0210 | Iter Mean Loss 0.0236
2024-11-14 04:23:52,414 - root - INFO - CF Training: Epoch 0001 Iter 0563 / 0638 | Time 0.2s | Iter Loss 0.0191 | Iter Mean Loss 0.0236
2024-11-14 04:23:52,637 - root - INFO - CF Training: Epoch 0001 Iter 0564 / 0638 | Time 0.2s | Iter Loss 0.0240 | Iter Mean Loss 0.0236
2024-11-14 04:23:52,859 - root - INFO - CF Training: Epoch 0001 Iter 0565 / 0638 | Time 0.2s | Iter Loss 0.0223 | Iter Mean Loss 0.0236
2024-11-14 04:23:53,082 - root - INFO - CF Training: Epoch 0001 Iter 0566 / 0638 | Time 0.2s | Iter Loss 0.0230 | Iter Mean Loss 0.0236
2024-11-14 04:23:53,303 - root - INFO - CF Training: Epoch 0001 Iter 0567 / 0638 | Time 0.2s | Iter Loss 0.0289 | Iter Mean Loss 0.0236
2024-11-14 04:23:53,523 - root - INFO - CF Training: Epoch 0001 Iter 0568 / 0638 | Time 0.2s | Iter Loss 0.0214 | Iter Mean Loss 0.0236
2024-11-14 04:23:53,746 - root - INFO - CF Training: Epoch 0001 Iter 0569 / 0638 | Time 0.2s | Iter Loss 0.0212 | Iter Mean Loss 0.0236
2024-11-14 04:23:53,968 - root - INFO - CF Training: Epoch 0001 Iter 0570 / 0638 | Time 0.2s | Iter Loss 0.0233 | Iter Mean Loss 0.0236
2024-11-14 04:23:54,189 - root - INFO - CF Training: Epoch 0001 Iter 0571 / 0638 | Time 0.2s | Iter Loss 0.0222 | Iter Mean Loss 0.0236
2024-11-14 04:23:54,411 - root - INFO - CF Training: Epoch 0001 Iter 0572 / 0638 | Time 0.2s | Iter Loss 0.0196 | Iter Mean Loss 0.0236
2024-11-14 04:23:54,634 - root - INFO - CF Training: Epoch 0001 Iter 0573 / 0638 | Time 0.2s | Iter Loss 0.0218 | Iter Mean Loss 0.0236
2024-11-14 04:23:54,855 - root - INFO - CF Training: Epoch 0001 Iter 0574 / 0638 | Time 0.2s | Iter Loss 0.0256 | Iter Mean Loss 0.0236
2024-11-14 04:23:55,076 - root - INFO - CF Training: Epoch 0001 Iter 0575 / 0638 | Time 0.2s | Iter Loss 0.0259 | Iter Mean Loss 0.0236
2024-11-14 04:23:55,296 - root - INFO - CF Training: Epoch 0001 Iter 0576 / 0638 | Time 0.2s | Iter Loss 0.0285 | Iter Mean Loss 0.0236
2024-11-14 04:23:55,518 - root - INFO - CF Training: Epoch 0001 Iter 0577 / 0638 | Time 0.2s | Iter Loss 0.0244 | Iter Mean Loss 0.0236
2024-11-14 04:23:55,739 - root - INFO - CF Training: Epoch 0001 Iter 0578 / 0638 | Time 0.2s | Iter Loss 0.0211 | Iter Mean Loss 0.0236
2024-11-14 04:23:55,961 - root - INFO - CF Training: Epoch 0001 Iter 0579 / 0638 | Time 0.2s | Iter Loss 0.0201 | Iter Mean Loss 0.0236
2024-11-14 04:23:56,182 - root - INFO - CF Training: Epoch 0001 Iter 0580 / 0638 | Time 0.2s | Iter Loss 0.0230 | Iter Mean Loss 0.0236
2024-11-14 04:23:56,403 - root - INFO - CF Training: Epoch 0001 Iter 0581 / 0638 | Time 0.2s | Iter Loss 0.0231 | Iter Mean Loss 0.0236
2024-11-14 04:23:56,625 - root - INFO - CF Training: Epoch 0001 Iter 0582 / 0638 | Time 0.2s | Iter Loss 0.0202 | Iter Mean Loss 0.0236
2024-11-14 04:23:56,847 - root - INFO - CF Training: Epoch 0001 Iter 0583 / 0638 | Time 0.2s | Iter Loss 0.0179 | Iter Mean Loss 0.0235
2024-11-14 04:23:57,069 - root - INFO - CF Training: Epoch 0001 Iter 0584 / 0638 | Time 0.2s | Iter Loss 0.0206 | Iter Mean Loss 0.0235
2024-11-14 04:23:57,292 - root - INFO - CF Training: Epoch 0001 Iter 0585 / 0638 | Time 0.2s | Iter Loss 0.0214 | Iter Mean Loss 0.0235
2024-11-14 04:23:57,514 - root - INFO - CF Training: Epoch 0001 Iter 0586 / 0638 | Time 0.2s | Iter Loss 0.0229 | Iter Mean Loss 0.0235
2024-11-14 04:23:57,737 - root - INFO - CF Training: Epoch 0001 Iter 0587 / 0638 | Time 0.2s | Iter Loss 0.0221 | Iter Mean Loss 0.0235
2024-11-14 04:23:57,960 - root - INFO - CF Training: Epoch 0001 Iter 0588 / 0638 | Time 0.2s | Iter Loss 0.0235 | Iter Mean Loss 0.0235
2024-11-14 04:23:58,181 - root - INFO - CF Training: Epoch 0001 Iter 0589 / 0638 | Time 0.2s | Iter Loss 0.0210 | Iter Mean Loss 0.0235
2024-11-14 04:23:58,402 - root - INFO - CF Training: Epoch 0001 Iter 0590 / 0638 | Time 0.2s | Iter Loss 0.0237 | Iter Mean Loss 0.0235
2024-11-14 04:23:58,625 - root - INFO - CF Training: Epoch 0001 Iter 0591 / 0638 | Time 0.2s | Iter Loss 0.0206 | Iter Mean Loss 0.0235
2024-11-14 04:23:58,847 - root - INFO - CF Training: Epoch 0001 Iter 0592 / 0638 | Time 0.2s | Iter Loss 0.0237 | Iter Mean Loss 0.0235
2024-11-14 04:23:59,069 - root - INFO - CF Training: Epoch 0001 Iter 0593 / 0638 | Time 0.2s | Iter Loss 0.0190 | Iter Mean Loss 0.0235
2024-11-14 04:23:59,290 - root - INFO - CF Training: Epoch 0001 Iter 0594 / 0638 | Time 0.2s | Iter Loss 0.0262 | Iter Mean Loss 0.0235
2024-11-14 04:23:59,512 - root - INFO - CF Training: Epoch 0001 Iter 0595 / 0638 | Time 0.2s | Iter Loss 0.0202 | Iter Mean Loss 0.0235
2024-11-14 04:23:59,735 - root - INFO - CF Training: Epoch 0001 Iter 0596 / 0638 | Time 0.2s | Iter Loss 0.0215 | Iter Mean Loss 0.0235
2024-11-14 04:23:59,957 - root - INFO - CF Training: Epoch 0001 Iter 0597 / 0638 | Time 0.2s | Iter Loss 0.0261 | Iter Mean Loss 0.0235
2024-11-14 04:24:00,180 - root - INFO - CF Training: Epoch 0001 Iter 0598 / 0638 | Time 0.2s | Iter Loss 0.0230 | Iter Mean Loss 0.0235
2024-11-14 04:24:00,400 - root - INFO - CF Training: Epoch 0001 Iter 0599 / 0638 | Time 0.2s | Iter Loss 0.0208 | Iter Mean Loss 0.0235
2024-11-14 04:24:00,620 - root - INFO - CF Training: Epoch 0001 Iter 0600 / 0638 | Time 0.2s | Iter Loss 0.0167 | Iter Mean Loss 0.0235
2024-11-14 04:24:00,843 - root - INFO - CF Training: Epoch 0001 Iter 0601 / 0638 | Time 0.2s | Iter Loss 0.0224 | Iter Mean Loss 0.0235
2024-11-14 04:24:01,065 - root - INFO - CF Training: Epoch 0001 Iter 0602 / 0638 | Time 0.2s | Iter Loss 0.0221 | Iter Mean Loss 0.0235
2024-11-14 04:24:01,287 - root - INFO - CF Training: Epoch 0001 Iter 0603 / 0638 | Time 0.2s | Iter Loss 0.0300 | Iter Mean Loss 0.0235
2024-11-14 04:24:01,510 - root - INFO - CF Training: Epoch 0001 Iter 0604 / 0638 | Time 0.2s | Iter Loss 0.0258 | Iter Mean Loss 0.0235
2024-11-14 04:24:01,732 - root - INFO - CF Training: Epoch 0001 Iter 0605 / 0638 | Time 0.2s | Iter Loss 0.0165 | Iter Mean Loss 0.0235
2024-11-14 04:24:01,955 - root - INFO - CF Training: Epoch 0001 Iter 0606 / 0638 | Time 0.2s | Iter Loss 0.0219 | Iter Mean Loss 0.0235
2024-11-14 04:24:02,176 - root - INFO - CF Training: Epoch 0001 Iter 0607 / 0638 | Time 0.2s | Iter Loss 0.0225 | Iter Mean Loss 0.0235
2024-11-14 04:24:02,399 - root - INFO - CF Training: Epoch 0001 Iter 0608 / 0638 | Time 0.2s | Iter Loss 0.0238 | Iter Mean Loss 0.0235
2024-11-14 04:24:02,620 - root - INFO - CF Training: Epoch 0001 Iter 0609 / 0638 | Time 0.2s | Iter Loss 0.0187 | Iter Mean Loss 0.0235
2024-11-14 04:24:02,840 - root - INFO - CF Training: Epoch 0001 Iter 0610 / 0638 | Time 0.2s | Iter Loss 0.0192 | Iter Mean Loss 0.0235
2024-11-14 04:24:03,061 - root - INFO - CF Training: Epoch 0001 Iter 0611 / 0638 | Time 0.2s | Iter Loss 0.0256 | Iter Mean Loss 0.0235
2024-11-14 04:24:03,283 - root - INFO - CF Training: Epoch 0001 Iter 0612 / 0638 | Time 0.2s | Iter Loss 0.0224 | Iter Mean Loss 0.0235
2024-11-14 04:24:03,503 - root - INFO - CF Training: Epoch 0001 Iter 0613 / 0638 | Time 0.2s | Iter Loss 0.0207 | Iter Mean Loss 0.0235
2024-11-14 04:24:03,726 - root - INFO - CF Training: Epoch 0001 Iter 0614 / 0638 | Time 0.2s | Iter Loss 0.0220 | Iter Mean Loss 0.0235
2024-11-14 04:24:03,947 - root - INFO - CF Training: Epoch 0001 Iter 0615 / 0638 | Time 0.2s | Iter Loss 0.0252 | Iter Mean Loss 0.0235
2024-11-14 04:24:04,170 - root - INFO - CF Training: Epoch 0001 Iter 0616 / 0638 | Time 0.2s | Iter Loss 0.0239 | Iter Mean Loss 0.0235
2024-11-14 04:24:04,392 - root - INFO - CF Training: Epoch 0001 Iter 0617 / 0638 | Time 0.2s | Iter Loss 0.0220 | Iter Mean Loss 0.0235
2024-11-14 04:24:04,615 - root - INFO - CF Training: Epoch 0001 Iter 0618 / 0638 | Time 0.2s | Iter Loss 0.0202 | Iter Mean Loss 0.0235
2024-11-14 04:24:04,837 - root - INFO - CF Training: Epoch 0001 Iter 0619 / 0638 | Time 0.2s | Iter Loss 0.0209 | Iter Mean Loss 0.0235
2024-11-14 04:24:05,062 - root - INFO - CF Training: Epoch 0001 Iter 0620 / 0638 | Time 0.2s | Iter Loss 0.0258 | Iter Mean Loss 0.0235
2024-11-14 04:24:05,287 - root - INFO - CF Training: Epoch 0001 Iter 0621 / 0638 | Time 0.2s | Iter Loss 0.0195 | Iter Mean Loss 0.0235
2024-11-14 04:24:05,508 - root - INFO - CF Training: Epoch 0001 Iter 0622 / 0638 | Time 0.2s | Iter Loss 0.0230 | Iter Mean Loss 0.0235
2024-11-14 04:24:05,728 - root - INFO - CF Training: Epoch 0001 Iter 0623 / 0638 | Time 0.2s | Iter Loss 0.0238 | Iter Mean Loss 0.0235
2024-11-14 04:24:05,948 - root - INFO - CF Training: Epoch 0001 Iter 0624 / 0638 | Time 0.2s | Iter Loss 0.0218 | Iter Mean Loss 0.0235
2024-11-14 04:24:06,176 - root - INFO - CF Training: Epoch 0001 Iter 0625 / 0638 | Time 0.2s | Iter Loss 0.0214 | Iter Mean Loss 0.0235
2024-11-14 04:24:06,400 - root - INFO - CF Training: Epoch 0001 Iter 0626 / 0638 | Time 0.2s | Iter Loss 0.0179 | Iter Mean Loss 0.0235
2024-11-14 04:24:06,622 - root - INFO - CF Training: Epoch 0001 Iter 0627 / 0638 | Time 0.2s | Iter Loss 0.0243 | Iter Mean Loss 0.0235
2024-11-14 04:24:06,845 - root - INFO - CF Training: Epoch 0001 Iter 0628 / 0638 | Time 0.2s | Iter Loss 0.0251 | Iter Mean Loss 0.0235
2024-11-14 04:24:07,067 - root - INFO - CF Training: Epoch 0001 Iter 0629 / 0638 | Time 0.2s | Iter Loss 0.0184 | Iter Mean Loss 0.0234
2024-11-14 04:24:07,290 - root - INFO - CF Training: Epoch 0001 Iter 0630 / 0638 | Time 0.2s | Iter Loss 0.0258 | Iter Mean Loss 0.0235
2024-11-14 04:24:07,513 - root - INFO - CF Training: Epoch 0001 Iter 0631 / 0638 | Time 0.2s | Iter Loss 0.0216 | Iter Mean Loss 0.0234
2024-11-14 04:24:07,735 - root - INFO - CF Training: Epoch 0001 Iter 0632 / 0638 | Time 0.2s | Iter Loss 0.0214 | Iter Mean Loss 0.0234
2024-11-14 04:24:07,956 - root - INFO - CF Training: Epoch 0001 Iter 0633 / 0638 | Time 0.2s | Iter Loss 0.0202 | Iter Mean Loss 0.0234
2024-11-14 04:24:08,180 - root - INFO - CF Training: Epoch 0001 Iter 0634 / 0638 | Time 0.2s | Iter Loss 0.0191 | Iter Mean Loss 0.0234
2024-11-14 04:24:08,403 - root - INFO - CF Training: Epoch 0001 Iter 0635 / 0638 | Time 0.2s | Iter Loss 0.0266 | Iter Mean Loss 0.0234
2024-11-14 04:24:08,625 - root - INFO - CF Training: Epoch 0001 Iter 0636 / 0638 | Time 0.2s | Iter Loss 0.0216 | Iter Mean Loss 0.0234
2024-11-14 04:24:08,854 - root - INFO - CF Training: Epoch 0001 Iter 0637 / 0638 | Time 0.2s | Iter Loss 0.0196 | Iter Mean Loss 0.0234
2024-11-14 04:24:09,084 - root - INFO - CF Training: Epoch 0001 Iter 0638 / 0638 | Time 0.2s | Iter Loss 0.0203 | Iter Mean Loss 0.0234
2024-11-14 04:24:09,085 - root - INFO - CF Training: Epoch 0001 Total Iter 0638 | Total Time 141.8s | Iter Mean Loss 0.0234
